mode: set
dev.helix.code/Example_Projects/Plandex/app/scripts/cmd/provider/gen_provider.go:15.13,21.89 3 0
dev.helix.code/Example_Projects/Plandex/app/scripts/cmd/provider/gen_provider.go:21.89,22.17 1 0
dev.helix.code/Example_Projects/Plandex/app/scripts/cmd/provider/gen_provider.go:22.17,24.4 1 0
dev.helix.code/Example_Projects/Plandex/app/scripts/cmd/provider/gen_provider.go:25.3,25.59 1 0
dev.helix.code/Example_Projects/Plandex/app/scripts/cmd/provider/gen_provider.go:25.59,31.18 4 0
dev.helix.code/Example_Projects/Plandex/app/scripts/cmd/provider/gen_provider.go:31.18,33.5 1 0
dev.helix.code/Example_Projects/Plandex/app/scripts/cmd/provider/gen_provider.go:36.4,38.18 3 0
dev.helix.code/Example_Projects/Plandex/app/scripts/cmd/provider/gen_provider.go:38.18,40.5 1 0
dev.helix.code/Example_Projects/Plandex/app/scripts/cmd/provider/gen_provider.go:41.4,41.65 1 0
dev.helix.code/Example_Projects/Plandex/app/scripts/cmd/provider/gen_provider.go:41.65,42.23 1 0
dev.helix.code/Example_Projects/Plandex/app/scripts/cmd/provider/gen_provider.go:42.23,43.14 1 0
dev.helix.code/Example_Projects/Plandex/app/scripts/cmd/provider/gen_provider.go:45.5,47.23 2 0
dev.helix.code/Example_Projects/Plandex/app/scripts/cmd/provider/gen_provider.go:47.23,49.6 1 0
dev.helix.code/Example_Projects/Plandex/app/scripts/cmd/provider/gen_provider.go:51.5,51.23 1 0
dev.helix.code/Example_Projects/Plandex/app/scripts/cmd/provider/gen_provider.go:51.23,53.6 1 0
dev.helix.code/Example_Projects/Plandex/app/scripts/cmd/provider/gen_provider.go:55.5,58.40 3 0
dev.helix.code/Example_Projects/Plandex/app/scripts/cmd/provider/gen_provider.go:58.40,60.14 2 0
dev.helix.code/Example_Projects/Plandex/app/scripts/cmd/provider/gen_provider.go:64.5,66.19 3 0
dev.helix.code/Example_Projects/Plandex/app/scripts/cmd/provider/gen_provider.go:66.19,68.6 1 0
dev.helix.code/Example_Projects/Plandex/app/scripts/cmd/provider/gen_provider.go:70.5,77.19 3 0
dev.helix.code/Example_Projects/Plandex/app/scripts/cmd/provider/gen_provider.go:77.19,79.6 1 0
dev.helix.code/Example_Projects/Plandex/app/scripts/cmd/provider/gen_provider.go:81.5,82.19 2 0
dev.helix.code/Example_Projects/Plandex/app/scripts/cmd/provider/gen_provider.go:82.19,84.6 1 0
dev.helix.code/Example_Projects/Plandex/app/scripts/cmd/provider/gen_provider.go:87.5,87.49 1 0
dev.helix.code/Example_Projects/Plandex/app/scripts/cmd/provider/gen_provider.go:91.4,92.18 2 0
dev.helix.code/Example_Projects/Plandex/app/scripts/cmd/provider/gen_provider.go:92.18,94.5 1 0
dev.helix.code/Example_Projects/Plandex/app/scripts/cmd/provider/gen_provider.go:95.4,96.18 2 0
dev.helix.code/Example_Projects/Plandex/app/scripts/cmd/provider/gen_provider.go:96.18,98.5 1 0
dev.helix.code/Example_Projects/Plandex/app/scripts/cmd/provider/gen_provider.go:99.4,102.18 3 0
dev.helix.code/Example_Projects/Plandex/app/scripts/cmd/provider/gen_provider.go:102.18,104.5 1 0
dev.helix.code/Example_Projects/Plandex/app/scripts/cmd/provider/gen_provider.go:105.4,105.69 1 0
dev.helix.code/Example_Projects/Plandex/app/scripts/cmd/provider/gen_provider.go:107.3,107.13 1 0
dev.helix.code/Example_Projects/Plandex/app/scripts/cmd/provider/gen_provider.go:109.2,109.16 1 0
dev.helix.code/Example_Projects/Plandex/app/scripts/cmd/provider/gen_provider.go:109.16,111.3 1 0
dev.helix.code/Example_Projects/Plandex/app/scripts/cmd/gen/gen.go:11.13,12.22 1 0
dev.helix.code/Example_Projects/Plandex/app/scripts/cmd/gen/gen.go:12.22,14.3 1 0
dev.helix.code/Example_Projects/Plandex/app/scripts/cmd/gen/gen.go:16.2,20.51 3 0
dev.helix.code/Example_Projects/Plandex/app/scripts/cmd/gen/gen.go:20.51,22.3 1 0
dev.helix.code/Example_Projects/Plandex/app/scripts/cmd/gen/gen.go:24.2,25.16 2 0
dev.helix.code/Example_Projects/Plandex/app/scripts/cmd/gen/gen.go:25.16,27.3 1 0
dev.helix.code/Example_Projects/Plandex/app/scripts/cmd/gen/gen.go:28.2,37.29 3 0
dev.helix.code/Example_Projects/Plandex/app/scripts/cmd/gen/gen.go:37.29,39.17 2 0
dev.helix.code/Example_Projects/Plandex/app/scripts/cmd/gen/gen.go:39.17,41.4 1 0
dev.helix.code/Example_Projects/Plandex/app/scripts/cmd/gen/gen.go:42.3,42.12 1 0
dev.helix.code/Example_Projects/Plandex/app/scripts/cmd/gen/gen.go:46.2,48.33 2 0
dev.helix.code/Example_Projects/Plandex/app/scripts/cmd/gen/gen.go:48.33,49.79 1 0
dev.helix.code/Example_Projects/Plandex/app/scripts/cmd/gen/gen.go:49.79,51.4 1 0
dev.helix.code/Example_Projects/Plandex/app/scripts/cmd/gen/gen.go:55.2,68.16 3 0
dev.helix.code/Example_Projects/Plandex/app/scripts/cmd/gen/gen.go:68.16,70.3 1 0
dev.helix.code/Example_Projects/Plandex/app/scripts/cmd/gen/gen.go:73.2,88.16 3 0
dev.helix.code/Example_Projects/Plandex/app/scripts/cmd/gen/gen.go:88.16,90.3 1 0
dev.helix.code/Example_Projects/Plandex/app/scripts/cmd/gen/gen.go:92.2,93.16 2 0
dev.helix.code/Example_Projects/Plandex/app/scripts/cmd/gen/gen.go:93.16,95.3 1 0
dev.helix.code/Example_Projects/Plandex/app/scripts/cmd/gen/gen.go:96.2,99.16 3 0
dev.helix.code/Example_Projects/Plandex/app/scripts/cmd/gen/gen.go:99.16,101.3 1 0
dev.helix.code/Example_Projects/Plandex/app/scripts/cmd/gen/gen.go:102.2,110.64 3 0
dev.helix.code/Example_Projects/Plandex/app/scripts/cmd/gen/gen.go:110.64,112.3 1 0
dev.helix.code/Example_Projects/Plandex/app/scripts/cmd/gen/gen.go:114.2,114.71 1 0
dev.helix.code/Example_Projects/Plandex/app/scripts/cmd/gen/gen.go:114.71,116.3 1 0
dev.helix.code/Example_Projects/Plandex/app/scripts/cmd/gen/gen.go:118.2,119.96 2 0
