mode: atomic
dev.helix.code/internal/agent/agent.go:109.51,121.2 1 57
dev.helix.code/internal/agent/agent.go:124.33,126.2 1 158
dev.helix.code/internal/agent/agent.go:129.38,131.2 1 9
dev.helix.code/internal/agent/agent.go:134.35,136.2 1 1
dev.helix.code/internal/agent/agent.go:139.49,141.2 1 9
dev.helix.code/internal/agent/agent.go:144.42,148.2 3 37
dev.helix.code/internal/agent/agent.go:151.51,155.2 3 62
dev.helix.code/internal/agent/agent.go:158.53,159.17 1 79
dev.helix.code/internal/agent/agent.go:159.17,161.3 1 1
dev.helix.code/internal/agent/agent.go:164.2,164.51 1 78
dev.helix.code/internal/agent/agent.go:164.51,166.43 2 59
dev.helix.code/internal/agent/agent.go:166.43,167.38 1 87
dev.helix.code/internal/agent/agent.go:167.38,169.10 2 57
dev.helix.code/internal/agent/agent.go:172.3,172.13 1 59
dev.helix.code/internal/agent/agent.go:172.13,174.4 1 2
dev.helix.code/internal/agent/agent.go:177.2,177.13 1 76
dev.helix.code/internal/agent/agent.go:181.42,185.2 3 268
dev.helix.code/internal/agent/agent.go:188.43,192.2 3 84
dev.helix.code/internal/agent/agent.go:195.43,201.21 5 71
dev.helix.code/internal/agent/agent.go:201.21,203.3 1 39
dev.helix.code/internal/agent/agent.go:205.2,216.3 2 71
dev.helix.code/internal/agent/agent.go:311.40,315.2 1 45
dev.helix.code/internal/agent/agent.go:318.53,319.18 1 54
dev.helix.code/internal/agent/agent.go:319.18,321.3 1 1
dev.helix.code/internal/agent/agent.go:322.2,323.12 2 53
dev.helix.code/internal/agent/agent.go:327.52,329.2 1 5
dev.helix.code/internal/agent/agent.go:332.60,334.13 2 3
dev.helix.code/internal/agent/agent.go:334.13,336.3 1 2
dev.helix.code/internal/agent/agent.go:337.2,337.19 1 1
dev.helix.code/internal/agent/agent.go:341.64,343.33 2 15
dev.helix.code/internal/agent/agent.go:343.33,344.32 1 30
dev.helix.code/internal/agent/agent.go:344.32,346.4 1 14
dev.helix.code/internal/agent/agent.go:348.2,348.15 1 15
dev.helix.code/internal/agent/agent.go:352.72,354.33 2 6
dev.helix.code/internal/agent/agent.go:354.33,355.44 1 8
dev.helix.code/internal/agent/agent.go:355.44,356.25 1 12
dev.helix.code/internal/agent/agent.go:356.25,358.10 2 5
dev.helix.code/internal/agent/agent.go:362.2,362.15 1 6
dev.helix.code/internal/agent/agent.go:366.40,368.33 2 32
dev.helix.code/internal/agent/agent.go:368.33,370.3 1 59
dev.helix.code/internal/agent/agent.go:371.2,371.15 1 32
dev.helix.code/internal/agent/agent.go:375.37,377.2 1 5
dev.helix.code/internal/agent/agent.go:380.50,382.2 1 5
dev.helix.code/internal/agent/coordinator.go:38.61,39.19 1 37
dev.helix.code/internal/agent/coordinator.go:39.19,50.3 1 37
dev.helix.code/internal/agent/coordinator.go:52.2,64.29 3 37
dev.helix.code/internal/agent/coordinator.go:64.29,71.3 2 37
dev.helix.code/internal/agent/coordinator.go:73.2,73.20 1 37
dev.helix.code/internal/agent/coordinator.go:77.56,79.2 1 41
dev.helix.code/internal/agent/coordinator.go:82.75,86.14 3 47
dev.helix.code/internal/agent/coordinator.go:86.14,88.3 1 1
dev.helix.code/internal/agent/coordinator.go:90.2,93.12 3 46
dev.helix.code/internal/agent/coordinator.go:97.93,102.13 4 22
dev.helix.code/internal/agent/coordinator.go:102.13,104.3 1 1
dev.helix.code/internal/agent/coordinator.go:107.2,108.16 2 21
dev.helix.code/internal/agent/coordinator.go:108.16,110.3 1 1
dev.helix.code/internal/agent/coordinator.go:113.2,116.59 3 20
dev.helix.code/internal/agent/coordinator.go:116.59,121.3 3 20
dev.helix.code/internal/agent/coordinator.go:121.8,124.3 1 0
dev.helix.code/internal/agent/coordinator.go:126.2,126.16 1 20
dev.helix.code/internal/agent/coordinator.go:126.16,129.3 2 2
dev.helix.code/internal/agent/coordinator.go:131.2,137.20 5 18
dev.helix.code/internal/agent/coordinator.go:141.70,144.31 2 21
dev.helix.code/internal/agent/coordinator.go:144.31,145.57 1 21
dev.helix.code/internal/agent/coordinator.go:145.57,147.4 1 20
dev.helix.code/internal/agent/coordinator.go:150.2,150.52 1 1
dev.helix.code/internal/agent/coordinator.go:154.72,159.13 4 8
dev.helix.code/internal/agent/coordinator.go:159.13,161.3 1 1
dev.helix.code/internal/agent/coordinator.go:163.2,163.15 1 7
dev.helix.code/internal/agent/coordinator.go:167.70,172.13 4 2
dev.helix.code/internal/agent/coordinator.go:172.13,174.3 1 1
dev.helix.code/internal/agent/coordinator.go:176.2,176.20 1 1
dev.helix.code/internal/agent/coordinator.go:180.44,182.2 1 3
dev.helix.code/internal/agent/coordinator.go:185.62,189.31 3 4
dev.helix.code/internal/agent/coordinator.go:189.31,200.3 2 4
dev.helix.code/internal/agent/coordinator.go:202.2,202.14 1 4
dev.helix.code/internal/agent/coordinator.go:217.59,220.31 2 1
dev.helix.code/internal/agent/coordinator.go:220.31,221.45 1 1
dev.helix.code/internal/agent/coordinator.go:221.45,223.4 1 0
dev.helix.code/internal/agent/coordinator.go:226.2,226.12 1 1
dev.helix.code/internal/agent/coordinator.go:230.86,231.31 1 7
dev.helix.code/internal/agent/coordinator.go:231.31,233.3 1 0
dev.helix.code/internal/agent/coordinator.go:234.2,234.50 1 7
dev.helix.code/internal/agent/coordinator.go:238.65,239.31 1 0
dev.helix.code/internal/agent/coordinator.go:239.31,241.3 1 0
dev.helix.code/internal/agent/coordinator.go:242.2,242.43 1 0
dev.helix.code/internal/agent/coordinator.go:246.51,247.31 1 2
dev.helix.code/internal/agent/coordinator.go:247.31,249.3 1 0
dev.helix.code/internal/agent/coordinator.go:250.2,250.43 1 2
dev.helix.code/internal/agent/coordinator.go:254.82,255.30 1 1
dev.helix.code/internal/agent/coordinator.go:255.30,257.3 1 0
dev.helix.code/internal/agent/coordinator.go:258.2,258.44 1 1
dev.helix.code/internal/agent/coordinator.go:262.59,263.30 1 0
dev.helix.code/internal/agent/coordinator.go:263.30,265.3 1 0
dev.helix.code/internal/agent/coordinator.go:269.79,270.30 1 1
dev.helix.code/internal/agent/coordinator.go:270.30,272.3 1 0
dev.helix.code/internal/agent/coordinator.go:273.2,273.37 1 1
dev.helix.code/internal/agent/resilience.go:38.119,46.2 1 32
dev.helix.code/internal/agent/resilience.go:49.91,54.15 4 42
dev.helix.code/internal/agent/resilience.go:55.26,61.37 4 6
dev.helix.code/internal/agent/resilience.go:61.37,67.4 4 4
dev.helix.code/internal/agent/resilience.go:67.9,69.4 1 2
dev.helix.code/internal/agent/resilience.go:73.2,76.16 2 40
dev.helix.code/internal/agent/resilience.go:76.16,79.3 2 6
dev.helix.code/internal/agent/resilience.go:81.2,82.12 2 34
dev.helix.code/internal/agent/resilience.go:86.43,94.40 6 26
dev.helix.code/internal/agent/resilience.go:94.40,97.3 1 1
dev.helix.code/internal/agent/resilience.go:97.8,97.51 1 25
dev.helix.code/internal/agent/resilience.go:97.51,100.3 1 11
dev.helix.code/internal/agent/resilience.go:104.43,111.82 5 34
dev.helix.code/internal/agent/resilience.go:111.82,114.3 1 2
dev.helix.code/internal/agent/resilience.go:118.58,122.2 3 23
dev.helix.code/internal/agent/resilience.go:125.35,131.2 5 2
dev.helix.code/internal/agent/resilience.go:143.40,150.2 1 40
dev.helix.code/internal/agent/resilience.go:153.52,154.16 1 34
dev.helix.code/internal/agent/resilience.go:154.16,156.3 1 1
dev.helix.code/internal/agent/resilience.go:159.2,159.33 1 33
dev.helix.code/internal/agent/resilience.go:159.33,160.51 1 3
dev.helix.code/internal/agent/resilience.go:160.51,161.36 1 3
dev.helix.code/internal/agent/resilience.go:161.36,163.5 1 1
dev.helix.code/internal/agent/resilience.go:165.3,165.15 1 2
dev.helix.code/internal/agent/resilience.go:169.2,169.82 1 30
dev.helix.code/internal/agent/resilience.go:169.82,171.3 1 4
dev.helix.code/internal/agent/resilience.go:173.2,173.13 1 26
dev.helix.code/internal/agent/resilience.go:177.60,178.18 1 23
dev.helix.code/internal/agent/resilience.go:178.18,180.3 1 10
dev.helix.code/internal/agent/resilience.go:183.2,184.31 2 13
dev.helix.code/internal/agent/resilience.go:184.31,186.35 2 21
dev.helix.code/internal/agent/resilience.go:186.35,188.4 1 1
dev.helix.code/internal/agent/resilience.go:191.2,191.29 1 12
dev.helix.code/internal/agent/resilience.go:195.92,198.60 2 31
dev.helix.code/internal/agent/resilience.go:198.60,201.17 2 49
dev.helix.code/internal/agent/resilience.go:201.17,203.4 1 23
dev.helix.code/internal/agent/resilience.go:205.3,208.31 2 26
dev.helix.code/internal/agent/resilience.go:208.31,210.4 1 2
dev.helix.code/internal/agent/resilience.go:213.3,213.35 1 24
dev.helix.code/internal/agent/resilience.go:213.35,214.9 1 5
dev.helix.code/internal/agent/resilience.go:218.3,221.10 2 19
dev.helix.code/internal/agent/resilience.go:222.21,223.20 1 1
dev.helix.code/internal/agent/resilience.go:224.28,224.28 0 18
dev.helix.code/internal/agent/resilience.go:229.2,229.56 1 5
dev.helix.code/internal/agent/resilience.go:240.117,246.2 1 24
dev.helix.code/internal/agent/resilience.go:249.95,254.71 3 26
dev.helix.code/internal/agent/resilience.go:254.71,256.74 1 25
dev.helix.code/internal/agent/resilience.go:256.74,260.4 3 34
dev.helix.code/internal/agent/resilience.go:261.3,262.18 2 25
dev.helix.code/internal/agent/resilience.go:265.2,265.18 1 26
dev.helix.code/internal/agent/resilience.go:265.18,270.3 3 6
dev.helix.code/internal/agent/resilience.go:272.2,272.24 1 20
dev.helix.code/internal/agent/resilience.go:287.117,294.2 1 42
dev.helix.code/internal/agent/resilience.go:297.79,302.12 4 27
dev.helix.code/internal/agent/resilience.go:302.12,304.3 1 6
dev.helix.code/internal/agent/resilience.go:306.2,311.12 4 21
dev.helix.code/internal/agent/resilience.go:311.12,313.3 1 2
dev.helix.code/internal/agent/resilience.go:316.2,318.11 3 19
dev.helix.code/internal/agent/resilience.go:322.57,327.12 4 1
dev.helix.code/internal/agent/resilience.go:327.12,329.3 1 1
dev.helix.code/internal/agent/resilience.go:333.80,338.13 4 3
dev.helix.code/internal/agent/resilience.go:338.13,340.3 1 2
dev.helix.code/internal/agent/resilience.go:342.2,342.22 1 1
dev.helix.code/internal/agent/resilience.go:346.77,351.40 4 2
dev.helix.code/internal/agent/resilience.go:351.40,353.3 1 2
dev.helix.code/internal/agent/resilience.go:354.2,354.14 1 2
dev.helix.code/internal/agent/workflow.go:50.54,60.2 1 29
dev.helix.code/internal/agent/workflow.go:63.48,67.2 3 108
dev.helix.code/internal/agent/workflow.go:70.28,76.2 5 11
dev.helix.code/internal/agent/workflow.go:79.31,85.2 5 7
dev.helix.code/internal/agent/workflow.go:88.27,94.2 5 2
dev.helix.code/internal/agent/workflow.go:97.29,103.2 5 2
dev.helix.code/internal/agent/workflow.go:106.70,110.2 3 73
dev.helix.code/internal/agent/workflow.go:113.70,118.2 4 13
dev.helix.code/internal/agent/workflow.go:121.57,126.39 3 181
dev.helix.code/internal/agent/workflow.go:126.39,128.10 2 99
dev.helix.code/internal/agent/workflow.go:128.10,130.4 1 64
dev.helix.code/internal/agent/workflow.go:131.3,131.22 1 35
dev.helix.code/internal/agent/workflow.go:131.22,134.30 2 6
dev.helix.code/internal/agent/workflow.go:134.30,135.36 1 10
dev.helix.code/internal/agent/workflow.go:135.36,137.11 2 4
dev.helix.code/internal/agent/workflow.go:140.4,140.19 1 6
dev.helix.code/internal/agent/workflow.go:140.19,142.5 1 2
dev.helix.code/internal/agent/workflow.go:146.2,146.13 1 115
dev.helix.code/internal/agent/workflow.go:150.52,155.31 4 42
dev.helix.code/internal/agent/workflow.go:155.31,157.50 1 284
dev.helix.code/internal/agent/workflow.go:157.50,158.12 1 114
dev.helix.code/internal/agent/workflow.go:161.3,161.26 1 170
dev.helix.code/internal/agent/workflow.go:161.26,163.4 1 108
dev.helix.code/internal/agent/workflow.go:165.2,165.14 1 42
dev.helix.code/internal/agent/workflow.go:176.70,181.2 1 37
dev.helix.code/internal/agent/workflow.go:184.84,194.6 5 7
dev.helix.code/internal/agent/workflow.go:194.6,196.10 1 18
dev.helix.code/internal/agent/workflow.go:197.21,199.20 2 1
dev.helix.code/internal/agent/workflow.go:200.11,200.11 0 17
dev.helix.code/internal/agent/workflow.go:204.3,205.27 2 17
dev.helix.code/internal/agent/workflow.go:205.27,212.36 5 5
dev.helix.code/internal/agent/workflow.go:212.36,216.5 2 5
dev.helix.code/internal/agent/workflow.go:220.4,221.40 2 0
dev.helix.code/internal/agent/workflow.go:221.40,222.60 1 0
dev.helix.code/internal/agent/workflow.go:222.60,224.11 2 0
dev.helix.code/internal/agent/workflow.go:228.4,228.21 1 0
dev.helix.code/internal/agent/workflow.go:228.21,232.5 2 0
dev.helix.code/internal/agent/workflow.go:235.4,236.14 2 0
dev.helix.code/internal/agent/workflow.go:240.3,243.35 3 12
dev.helix.code/internal/agent/workflow.go:243.35,245.29 2 13
dev.helix.code/internal/agent/workflow.go:245.29,247.60 2 13
dev.helix.code/internal/agent/workflow.go:247.60,249.6 1 1
dev.helix.code/internal/agent/workflow.go:253.3,257.28 3 12
dev.helix.code/internal/agent/workflow.go:257.28,258.18 1 1
dev.helix.code/internal/agent/workflow.go:258.18,261.5 2 1
dev.helix.code/internal/agent/workflow.go:269.108,274.32 3 13
dev.helix.code/internal/agent/workflow.go:274.32,277.23 2 1
dev.helix.code/internal/agent/workflow.go:277.23,278.21 1 0
dev.helix.code/internal/agent/workflow.go:278.21,289.5 3 0
dev.helix.code/internal/agent/workflow.go:290.4,290.101 1 0
dev.helix.code/internal/agent/workflow.go:292.3,292.20 1 1
dev.helix.code/internal/agent/workflow.go:293.8,296.23 2 12
dev.helix.code/internal/agent/workflow.go:296.23,297.21 1 1
dev.helix.code/internal/agent/workflow.go:297.21,307.5 3 0
dev.helix.code/internal/agent/workflow.go:308.4,308.87 1 1
dev.helix.code/internal/agent/workflow.go:310.3,310.20 1 11
dev.helix.code/internal/agent/workflow.go:314.2,315.31 2 12
dev.helix.code/internal/agent/workflow.go:315.31,317.3 1 3
dev.helix.code/internal/agent/workflow.go:320.2,320.39 1 12
dev.helix.code/internal/agent/workflow.go:320.39,321.72 1 6
dev.helix.code/internal/agent/workflow.go:321.72,323.36 1 5
dev.helix.code/internal/agent/workflow.go:323.36,325.39 1 6
dev.helix.code/internal/agent/workflow.go:325.39,327.6 1 6
dev.helix.code/internal/agent/workflow.go:333.2,341.40 4 12
dev.helix.code/internal/agent/workflow.go:341.40,343.3 1 1
dev.helix.code/internal/agent/workflow.go:346.2,347.16 2 12
dev.helix.code/internal/agent/workflow.go:347.16,348.20 1 1
dev.helix.code/internal/agent/workflow.go:348.20,359.4 3 1
dev.helix.code/internal/agent/workflow.go:360.3,360.56 1 0
dev.helix.code/internal/agent/workflow.go:364.2,365.12 2 11
dev.helix.code/internal/agent/workflow.go:369.71,374.9 4 2
dev.helix.code/internal/agent/workflow.go:374.9,376.3 1 1
dev.helix.code/internal/agent/workflow.go:377.2,377.22 1 1
dev.helix.code/internal/agent/workflow.go:381.57,386.33 4 3
dev.helix.code/internal/agent/workflow.go:386.33,388.3 1 2
dev.helix.code/internal/agent/workflow.go:389.2,389.18 1 3
dev.helix.code/internal/agent/workflow.go:393.34,396.2 1 31
dev.helix.code/internal/agent/task/task.go:86.85,102.2 2 53
dev.helix.code/internal/agent/task/task.go:105.61,107.65 1 11
dev.helix.code/internal/agent/task/task.go:107.65,109.3 1 2
dev.helix.code/internal/agent/task/task.go:112.2,112.26 1 9
dev.helix.code/internal/agent/task/task.go:112.26,114.3 1 1
dev.helix.code/internal/agent/task/task.go:117.2,117.36 1 8
dev.helix.code/internal/agent/task/task.go:117.36,118.29 1 11
dev.helix.code/internal/agent/task/task.go:118.29,120.4 1 3
dev.helix.code/internal/agent/task/task.go:123.2,123.13 1 5
dev.helix.code/internal/agent/task/task.go:127.32,129.2 1 11
dev.helix.code/internal/agent/task/task.go:132.38,138.2 5 9
dev.helix.code/internal/agent/task/task.go:141.56,146.24 5 7
dev.helix.code/internal/agent/task/task.go:146.24,148.3 1 5
dev.helix.code/internal/agent/task/task.go:149.2,149.19 1 7
dev.helix.code/internal/agent/task/task.go:153.36,156.23 3 4
dev.helix.code/internal/agent/task/task.go:156.23,158.3 1 1
dev.helix.code/internal/agent/task/task.go:159.2,161.19 3 4
dev.helix.code/internal/agent/task/task.go:165.57,169.23 4 4
dev.helix.code/internal/agent/task/task.go:169.23,171.3 1 0
dev.helix.code/internal/agent/task/task.go:172.2,173.19 2 4
dev.helix.code/internal/agent/task/task.go:177.26,178.31 1 4
dev.helix.code/internal/agent/task/task.go:178.31,182.3 3 3
dev.helix.code/internal/agent/task/task.go:186.38,189.23 3 6
dev.helix.code/internal/agent/task/task.go:189.23,191.3 1 0
dev.helix.code/internal/agent/task/task.go:192.2,193.19 2 6
dev.helix.code/internal/agent/task/task.go:197.35,199.2 1 4
dev.helix.code/internal/agent/task/task.go:202.32,204.2 1 4
dev.helix.code/internal/agent/task/task.go:207.32,209.2 1 8
dev.helix.code/internal/agent/task/task.go:249.48,259.2 1 7
dev.helix.code/internal/agent/task/task.go:262.80,266.2 3 2
dev.helix.code/internal/agent/task/task.go:269.40,271.16 2 2
dev.helix.code/internal/agent/task/task.go:271.16,273.3 1 1
dev.helix.code/internal/agent/task/task.go:274.2,274.20 1 2
dev.helix.code/internal/agent/task/task.go:278.49,280.2 1 2
dev.helix.code/internal/agent/types/coding_agent.go:23.127,24.21 1 11
dev.helix.code/internal/agent/types/coding_agent.go:24.21,26.3 1 1
dev.helix.code/internal/agent/types/coding_agent.go:27.2,27.25 1 10
dev.helix.code/internal/agent/types/coding_agent.go:27.25,29.3 1 1
dev.helix.code/internal/agent/types/coding_agent.go:31.2,37.8 2 9
dev.helix.code/internal/agent/types/coding_agent.go:41.88,44.2 2 1
dev.helix.code/internal/agent/types/coding_agent.go:47.88,59.9 7 6
dev.helix.code/internal/agent/types/coding_agent.go:59.9,64.3 4 1
dev.helix.code/internal/agent/types/coding_agent.go:67.2,72.24 4 5
dev.helix.code/internal/agent/types/coding_agent.go:72.24,74.3 1 1
dev.helix.code/internal/agent/types/coding_agent.go:74.8,76.3 1 4
dev.helix.code/internal/agent/types/coding_agent.go:79.2,80.16 2 5
dev.helix.code/internal/agent/types/coding_agent.go:80.16,84.3 3 1
dev.helix.code/internal/agent/types/coding_agent.go:87.2,88.16 2 4
dev.helix.code/internal/agent/types/coding_agent.go:88.16,92.3 3 0
dev.helix.code/internal/agent/types/coding_agent.go:95.2,114.20 6 4
dev.helix.code/internal/agent/types/coding_agent.go:118.131,121.29 2 5
dev.helix.code/internal/agent/types/coding_agent.go:121.29,141.3 1 1
dev.helix.code/internal/agent/types/coding_agent.go:141.8,158.3 1 4
dev.helix.code/internal/agent/types/coding_agent.go:161.2,162.22 2 5
dev.helix.code/internal/agent/types/coding_agent.go:162.22,164.3 1 1
dev.helix.code/internal/agent/types/coding_agent.go:166.2,174.16 3 4
dev.helix.code/internal/agent/types/coding_agent.go:174.16,176.3 1 0
dev.helix.code/internal/agent/types/coding_agent.go:178.2,178.28 1 4
dev.helix.code/internal/agent/types/coding_agent.go:178.28,180.3 1 0
dev.helix.code/internal/agent/types/coding_agent.go:183.2,188.80 2 4
dev.helix.code/internal/agent/types/coding_agent.go:188.80,190.3 1 0
dev.helix.code/internal/agent/types/coding_agent.go:192.2,192.57 1 4
dev.helix.code/internal/agent/types/coding_agent.go:196.124,199.20 2 4
dev.helix.code/internal/agent/types/coding_agent.go:199.20,211.3 3 4
dev.helix.code/internal/agent/types/coding_agent.go:214.2,215.29 2 0
dev.helix.code/internal/agent/types/coding_agent.go:215.29,217.3 1 0
dev.helix.code/internal/agent/types/coding_agent.go:217.8,219.3 1 0
dev.helix.code/internal/agent/types/coding_agent.go:221.2,222.16 2 0
dev.helix.code/internal/agent/types/coding_agent.go:222.16,224.3 1 0
dev.helix.code/internal/agent/types/coding_agent.go:227.2,234.16 3 0
dev.helix.code/internal/agent/types/coding_agent.go:234.16,236.3 1 0
dev.helix.code/internal/agent/types/coding_agent.go:239.2,250.23 3 0
dev.helix.code/internal/agent/types/coding_agent.go:254.128,266.16 4 1
dev.helix.code/internal/agent/types/coding_agent.go:266.16,269.3 2 0
dev.helix.code/internal/agent/types/coding_agent.go:270.2,273.31 2 1
dev.helix.code/internal/agent/types/coding_agent.go:273.31,274.44 1 1
dev.helix.code/internal/agent/types/coding_agent.go:274.44,288.18 4 1
dev.helix.code/internal/agent/types/coding_agent.go:288.18,289.13 1 0
dev.helix.code/internal/agent/types/coding_agent.go:292.4,304.50 4 1
dev.helix.code/internal/agent/types/coding_agent.go:309.2,312.20 3 1
dev.helix.code/internal/agent/types/coding_agent.go:316.59,319.2 2 1
dev.helix.code/internal/agent/types/debugging_agent.go:23.133,24.21 1 29
dev.helix.code/internal/agent/types/debugging_agent.go:24.21,26.3 1 1
dev.helix.code/internal/agent/types/debugging_agent.go:27.2,27.25 1 28
dev.helix.code/internal/agent/types/debugging_agent.go:27.25,29.3 1 1
dev.helix.code/internal/agent/types/debugging_agent.go:31.2,37.8 2 27
dev.helix.code/internal/agent/types/debugging_agent.go:41.91,44.2 2 1
dev.helix.code/internal/agent/types/debugging_agent.go:47.91,59.9 7 5
dev.helix.code/internal/agent/types/debugging_agent.go:59.9,64.3 4 1
dev.helix.code/internal/agent/types/debugging_agent.go:66.2,71.41 4 4
dev.helix.code/internal/agent/types/debugging_agent.go:71.41,74.17 3 0
dev.helix.code/internal/agent/types/debugging_agent.go:74.17,77.4 1 0
dev.helix.code/internal/agent/types/debugging_agent.go:81.2,82.16 2 4
dev.helix.code/internal/agent/types/debugging_agent.go:82.16,86.3 3 1
dev.helix.code/internal/agent/types/debugging_agent.go:89.2,91.20 3 3
dev.helix.code/internal/agent/types/debugging_agent.go:91.20,93.17 2 0
dev.helix.code/internal/agent/types/debugging_agent.go:93.17,99.4 1 0
dev.helix.code/internal/agent/types/debugging_agent.go:103.2,105.40 3 3
dev.helix.code/internal/agent/types/debugging_agent.go:105.40,107.17 2 0
dev.helix.code/internal/agent/types/debugging_agent.go:107.17,113.4 1 0
dev.helix.code/internal/agent/types/debugging_agent.go:117.2,136.60 5 3
dev.helix.code/internal/agent/types/debugging_agent.go:136.60,138.3 1 0
dev.helix.code/internal/agent/types/debugging_agent.go:140.2,140.20 1 3
dev.helix.code/internal/agent/types/debugging_agent.go:144.146,178.22 3 4
dev.helix.code/internal/agent/types/debugging_agent.go:178.22,180.3 1 1
dev.helix.code/internal/agent/types/debugging_agent.go:182.2,190.16 3 3
dev.helix.code/internal/agent/types/debugging_agent.go:190.16,192.3 1 0
dev.helix.code/internal/agent/types/debugging_agent.go:194.2,194.28 1 3
dev.helix.code/internal/agent/types/debugging_agent.go:194.28,196.3 1 0
dev.helix.code/internal/agent/types/debugging_agent.go:199.2,205.81 2 3
dev.helix.code/internal/agent/types/debugging_agent.go:205.81,207.3 1 0
dev.helix.code/internal/agent/types/debugging_agent.go:209.2,209.91 1 3
dev.helix.code/internal/agent/types/debugging_agent.go:213.89,215.16 2 13
dev.helix.code/internal/agent/types/debugging_agent.go:215.16,217.3 1 1
dev.helix.code/internal/agent/types/debugging_agent.go:219.2,224.16 3 12
dev.helix.code/internal/agent/types/debugging_agent.go:224.16,226.3 1 2
dev.helix.code/internal/agent/types/debugging_agent.go:229.2,230.9 2 10
dev.helix.code/internal/agent/types/debugging_agent.go:230.9,232.3 1 1
dev.helix.code/internal/agent/types/debugging_agent.go:234.2,234.21 1 9
dev.helix.code/internal/agent/types/debugging_agent.go:238.121,240.16 2 4
dev.helix.code/internal/agent/types/debugging_agent.go:240.16,242.3 1 1
dev.helix.code/internal/agent/types/debugging_agent.go:245.2,248.34 3 3
dev.helix.code/internal/agent/types/debugging_agent.go:248.34,255.17 3 6
dev.helix.code/internal/agent/types/debugging_agent.go:255.17,260.4 1 1
dev.helix.code/internal/agent/types/debugging_agent.go:260.9,265.4 1 5
dev.helix.code/internal/agent/types/debugging_agent.go:268.2,268.21 1 3
dev.helix.code/internal/agent/types/debugging_agent.go:272.99,276.62 2 5
dev.helix.code/internal/agent/types/debugging_agent.go:276.62,281.3 4 3
dev.helix.code/internal/agent/types/debugging_agent.go:285.2,285.17 1 5
dev.helix.code/internal/agent/types/debugging_agent.go:289.117,290.20 1 4
dev.helix.code/internal/agent/types/debugging_agent.go:290.20,295.3 1 1
dev.helix.code/internal/agent/types/debugging_agent.go:298.2,299.16 2 3
dev.helix.code/internal/agent/types/debugging_agent.go:299.16,301.3 1 1
dev.helix.code/internal/agent/types/debugging_agent.go:304.2,305.16 2 2
dev.helix.code/internal/agent/types/debugging_agent.go:305.16,307.3 1 1
dev.helix.code/internal/agent/types/debugging_agent.go:309.2,315.16 3 1
dev.helix.code/internal/agent/types/debugging_agent.go:315.16,317.3 1 0
dev.helix.code/internal/agent/types/debugging_agent.go:319.2,323.8 1 1
dev.helix.code/internal/agent/types/debugging_agent.go:327.103,330.16 2 9
dev.helix.code/internal/agent/types/debugging_agent.go:330.16,332.3 1 1
dev.helix.code/internal/agent/types/debugging_agent.go:334.2,352.22 3 8
dev.helix.code/internal/agent/types/debugging_agent.go:352.22,354.3 1 2
dev.helix.code/internal/agent/types/debugging_agent.go:356.2,364.16 3 6
dev.helix.code/internal/agent/types/debugging_agent.go:364.16,366.3 1 1
dev.helix.code/internal/agent/types/debugging_agent.go:368.2,368.28 1 5
dev.helix.code/internal/agent/types/debugging_agent.go:368.28,370.3 1 1
dev.helix.code/internal/agent/types/debugging_agent.go:372.2,376.79 2 4
dev.helix.code/internal/agent/types/debugging_agent.go:376.79,378.3 1 1
dev.helix.code/internal/agent/types/debugging_agent.go:380.2,380.35 1 3
dev.helix.code/internal/agent/types/debugging_agent.go:384.131,396.16 4 1
dev.helix.code/internal/agent/types/debugging_agent.go:396.16,399.3 2 0
dev.helix.code/internal/agent/types/debugging_agent.go:400.2,403.31 2 1
dev.helix.code/internal/agent/types/debugging_agent.go:403.31,404.45 1 1
dev.helix.code/internal/agent/types/debugging_agent.go:404.45,418.18 4 1
dev.helix.code/internal/agent/types/debugging_agent.go:418.18,419.13 1 0
dev.helix.code/internal/agent/types/debugging_agent.go:422.4,434.50 4 1
dev.helix.code/internal/agent/types/debugging_agent.go:439.2,442.20 3 1
dev.helix.code/internal/agent/types/debugging_agent.go:446.62,449.2 2 1
dev.helix.code/internal/agent/types/planning_agent.go:21.97,22.21 1 12
dev.helix.code/internal/agent/types/planning_agent.go:22.21,24.3 1 1
dev.helix.code/internal/agent/types/planning_agent.go:26.2,31.8 2 11
dev.helix.code/internal/agent/types/planning_agent.go:35.90,38.2 2 1
dev.helix.code/internal/agent/types/planning_agent.go:41.90,53.9 7 5
dev.helix.code/internal/agent/types/planning_agent.go:53.9,58.3 4 1
dev.helix.code/internal/agent/types/planning_agent.go:61.2,62.16 2 4
dev.helix.code/internal/agent/types/planning_agent.go:62.16,66.3 3 1
dev.helix.code/internal/agent/types/planning_agent.go:69.2,70.16 2 3
dev.helix.code/internal/agent/types/planning_agent.go:70.16,74.3 3 1
dev.helix.code/internal/agent/types/planning_agent.go:77.2,87.20 4 2
dev.helix.code/internal/agent/types/planning_agent.go:91.96,107.22 3 4
dev.helix.code/internal/agent/types/planning_agent.go:107.22,109.3 1 1
dev.helix.code/internal/agent/types/planning_agent.go:111.2,119.16 3 3
dev.helix.code/internal/agent/types/planning_agent.go:119.16,121.3 1 0
dev.helix.code/internal/agent/types/planning_agent.go:123.2,123.28 1 3
dev.helix.code/internal/agent/types/planning_agent.go:123.28,125.3 1 0
dev.helix.code/internal/agent/types/planning_agent.go:127.2,127.30 1 3
dev.helix.code/internal/agent/types/planning_agent.go:131.74,155.22 3 3
dev.helix.code/internal/agent/types/planning_agent.go:155.22,157.3 1 0
dev.helix.code/internal/agent/types/planning_agent.go:159.2,167.16 3 3
dev.helix.code/internal/agent/types/planning_agent.go:167.16,169.3 1 0
dev.helix.code/internal/agent/types/planning_agent.go:171.2,171.28 1 3
dev.helix.code/internal/agent/types/planning_agent.go:171.28,173.3 1 0
dev.helix.code/internal/agent/types/planning_agent.go:176.2,178.70 3 3
dev.helix.code/internal/agent/types/planning_agent.go:178.70,180.3 1 1
dev.helix.code/internal/agent/types/planning_agent.go:183.2,184.35 2 2
dev.helix.code/internal/agent/types/planning_agent.go:184.35,187.3 2 3
dev.helix.code/internal/agent/types/planning_agent.go:189.2,189.22 1 2
dev.helix.code/internal/agent/types/planning_agent.go:193.84,201.33 7 9
dev.helix.code/internal/agent/types/planning_agent.go:201.33,203.3 1 4
dev.helix.code/internal/agent/types/planning_agent.go:204.2,204.38 1 9
dev.helix.code/internal/agent/types/planning_agent.go:204.38,206.3 1 1
dev.helix.code/internal/agent/types/planning_agent.go:208.2,213.67 4 9
dev.helix.code/internal/agent/types/planning_agent.go:213.67,215.28 2 4
dev.helix.code/internal/agent/types/planning_agent.go:215.28,216.38 1 4
dev.helix.code/internal/agent/types/planning_agent.go:216.38,218.5 1 4
dev.helix.code/internal/agent/types/planning_agent.go:223.2,223.56 1 9
dev.helix.code/internal/agent/types/planning_agent.go:223.56,225.28 2 4
dev.helix.code/internal/agent/types/planning_agent.go:225.28,226.38 1 3
dev.helix.code/internal/agent/types/planning_agent.go:226.38,228.5 1 3
dev.helix.code/internal/agent/types/planning_agent.go:232.2,232.10 1 9
dev.helix.code/internal/agent/types/planning_agent.go:236.79,238.29 2 9
dev.helix.code/internal/agent/types/planning_agent.go:238.29,240.3 1 110
dev.helix.code/internal/agent/types/planning_agent.go:242.2,242.44 1 9
dev.helix.code/internal/agent/types/planning_agent.go:246.130,261.16 4 1
dev.helix.code/internal/agent/types/planning_agent.go:261.16,264.3 2 0
dev.helix.code/internal/agent/types/planning_agent.go:265.2,268.31 2 1
dev.helix.code/internal/agent/types/planning_agent.go:268.31,269.70 1 1
dev.helix.code/internal/agent/types/planning_agent.go:269.70,271.18 2 0
dev.helix.code/internal/agent/types/planning_agent.go:271.18,272.13 1 0
dev.helix.code/internal/agent/types/planning_agent.go:274.4,275.65 2 0
dev.helix.code/internal/agent/types/planning_agent.go:280.2,283.20 3 1
dev.helix.code/internal/agent/types/planning_agent.go:287.61,290.2 2 1
dev.helix.code/internal/agent/types/review_agent.go:23.127,24.21 1 23
dev.helix.code/internal/agent/types/review_agent.go:24.21,26.3 1 1
dev.helix.code/internal/agent/types/review_agent.go:27.2,27.25 1 22
dev.helix.code/internal/agent/types/review_agent.go:27.25,29.3 1 1
dev.helix.code/internal/agent/types/review_agent.go:31.2,37.8 2 21
dev.helix.code/internal/agent/types/review_agent.go:41.88,44.2 2 1
dev.helix.code/internal/agent/types/review_agent.go:47.88,59.9 7 9
dev.helix.code/internal/agent/types/review_agent.go:59.9,62.14 2 1
dev.helix.code/internal/agent/types/review_agent.go:62.14,67.4 4 1
dev.helix.code/internal/agent/types/review_agent.go:70.3,72.17 3 0
dev.helix.code/internal/agent/types/review_agent.go:72.17,76.4 3 0
dev.helix.code/internal/agent/types/review_agent.go:79.2,81.22 3 8
dev.helix.code/internal/agent/types/review_agent.go:81.22,83.3 1 6
dev.helix.code/internal/agent/types/review_agent.go:86.2,87.16 2 8
dev.helix.code/internal/agent/types/review_agent.go:87.16,91.3 3 1
dev.helix.code/internal/agent/types/review_agent.go:94.2,96.41 3 7
dev.helix.code/internal/agent/types/review_agent.go:96.41,98.17 2 0
dev.helix.code/internal/agent/types/review_agent.go:98.17,104.4 1 0
dev.helix.code/internal/agent/types/review_agent.go:108.2,119.22 3 7
dev.helix.code/internal/agent/types/review_agent.go:119.22,121.3 1 1
dev.helix.code/internal/agent/types/review_agent.go:123.2,133.20 4 7
dev.helix.code/internal/agent/types/review_agent.go:137.169,140.20 2 8
dev.helix.code/internal/agent/types/review_agent.go:141.18,180.55 1 1
dev.helix.code/internal/agent/types/review_agent.go:182.21,219.55 1 1
dev.helix.code/internal/agent/types/review_agent.go:221.10,266.55 1 6
dev.helix.code/internal/agent/types/review_agent.go:270.2,271.22 2 8
dev.helix.code/internal/agent/types/review_agent.go:271.22,273.3 1 1
dev.helix.code/internal/agent/types/review_agent.go:275.2,283.16 3 7
dev.helix.code/internal/agent/types/review_agent.go:283.16,285.3 1 0
dev.helix.code/internal/agent/types/review_agent.go:287.2,287.28 1 7
dev.helix.code/internal/agent/types/review_agent.go:287.28,289.3 1 0
dev.helix.code/internal/agent/types/review_agent.go:292.2,299.82 2 7
dev.helix.code/internal/agent/types/review_agent.go:299.82,301.3 1 0
dev.helix.code/internal/agent/types/review_agent.go:303.2,303.117 1 7
dev.helix.code/internal/agent/types/review_agent.go:307.86,309.16 2 4
dev.helix.code/internal/agent/types/review_agent.go:309.16,311.3 1 1
dev.helix.code/internal/agent/types/review_agent.go:313.2,318.16 3 3
dev.helix.code/internal/agent/types/review_agent.go:318.16,320.3 1 1
dev.helix.code/internal/agent/types/review_agent.go:323.2,324.9 2 2
dev.helix.code/internal/agent/types/review_agent.go:324.9,326.3 1 1
dev.helix.code/internal/agent/types/review_agent.go:328.2,328.21 1 1
dev.helix.code/internal/agent/types/review_agent.go:332.111,334.16 2 4
dev.helix.code/internal/agent/types/review_agent.go:334.16,336.3 1 1
dev.helix.code/internal/agent/types/review_agent.go:339.2,342.34 3 3
dev.helix.code/internal/agent/types/review_agent.go:342.34,349.17 3 6
dev.helix.code/internal/agent/types/review_agent.go:349.17,354.4 1 1
dev.helix.code/internal/agent/types/review_agent.go:354.9,359.4 1 5
dev.helix.code/internal/agent/types/review_agent.go:362.2,362.21 1 3
dev.helix.code/internal/agent/types/review_agent.go:366.90,370.62 2 5
dev.helix.code/internal/agent/types/review_agent.go:370.62,375.3 4 3
dev.helix.code/internal/agent/types/review_agent.go:379.2,379.17 1 5
dev.helix.code/internal/agent/types/review_agent.go:383.128,395.16 4 1
dev.helix.code/internal/agent/types/review_agent.go:395.16,398.3 2 0
dev.helix.code/internal/agent/types/review_agent.go:399.2,403.27 3 1
dev.helix.code/internal/agent/types/review_agent.go:403.27,404.32 1 0
dev.helix.code/internal/agent/types/review_agent.go:404.32,405.50 1 0
dev.helix.code/internal/agent/types/review_agent.go:405.50,408.34 2 0
dev.helix.code/internal/agent/types/review_agent.go:408.34,410.54 2 0
dev.helix.code/internal/agent/types/review_agent.go:410.54,412.7 1 0
dev.helix.code/internal/agent/types/review_agent.go:415.5,415.32 1 0
dev.helix.code/internal/agent/types/review_agent.go:415.32,428.20 4 0
dev.helix.code/internal/agent/types/review_agent.go:428.20,429.15 1 0
dev.helix.code/internal/agent/types/review_agent.go:432.6,444.52 4 0
dev.helix.code/internal/agent/types/review_agent.go:451.2,454.20 3 1
dev.helix.code/internal/agent/types/review_agent.go:458.59,461.2 2 1
dev.helix.code/internal/agent/types/test_helpers.go:19.132,25.2 1 25
dev.helix.code/internal/agent/types/test_helpers.go:27.34,29.2 1 25
dev.helix.code/internal/agent/types/test_helpers.go:31.41,33.2 1 0
dev.helix.code/internal/agent/types/test_helpers.go:35.101,36.26 1 31
dev.helix.code/internal/agent/types/test_helpers.go:36.26,38.3 1 31
dev.helix.code/internal/agent/types/test_helpers.go:39.2,39.17 1 0
dev.helix.code/internal/agent/types/test_helpers.go:42.46,49.2 1 0
dev.helix.code/internal/agent/types/test_helpers.go:51.50,53.2 1 0
dev.helix.code/internal/agent/types/test_helpers.go:55.66,57.2 1 0
dev.helix.code/internal/agent/types/test_helpers.go:78.46,83.2 1 31
dev.helix.code/internal/agent/types/test_helpers.go:85.54,89.2 3 25
dev.helix.code/internal/agent/types/test_helpers.go:91.65,96.13 4 0
dev.helix.code/internal/agent/types/test_helpers.go:96.13,98.3 1 0
dev.helix.code/internal/agent/types/test_helpers.go:99.2,99.18 1 0
dev.helix.code/internal/agent/types/test_helpers.go:103.161,106.23 2 24
dev.helix.code/internal/agent/types/test_helpers.go:106.23,108.3 1 15
dev.helix.code/internal/agent/types/test_helpers.go:110.2,110.24 1 24
dev.helix.code/internal/agent/types/test_helpers.go:110.24,112.3 1 1
dev.helix.code/internal/agent/types/test_helpers.go:114.2,114.22 1 24
dev.helix.code/internal/agent/types/test_helpers.go:114.22,116.3 1 9
dev.helix.code/internal/agent/types/test_helpers.go:118.2,118.17 1 24
dev.helix.code/internal/agent/types/test_helpers.go:123.72,125.2 1 31
dev.helix.code/internal/agent/types/testing_agent.go:23.129,24.21 1 16
dev.helix.code/internal/agent/types/testing_agent.go:24.21,26.3 1 1
dev.helix.code/internal/agent/types/testing_agent.go:27.2,27.25 1 15
dev.helix.code/internal/agent/types/testing_agent.go:27.25,29.3 1 1
dev.helix.code/internal/agent/types/testing_agent.go:31.2,37.8 2 14
dev.helix.code/internal/agent/types/testing_agent.go:41.89,44.2 2 1
dev.helix.code/internal/agent/types/testing_agent.go:47.89,59.9 7 7
dev.helix.code/internal/agent/types/testing_agent.go:59.9,64.3 4 1
dev.helix.code/internal/agent/types/testing_agent.go:66.2,68.25 3 6
dev.helix.code/internal/agent/types/testing_agent.go:68.25,70.3 1 5
dev.helix.code/internal/agent/types/testing_agent.go:73.2,74.16 2 6
dev.helix.code/internal/agent/types/testing_agent.go:74.16,78.3 3 1
dev.helix.code/internal/agent/types/testing_agent.go:81.2,83.16 3 5
dev.helix.code/internal/agent/types/testing_agent.go:83.16,87.3 3 5
dev.helix.code/internal/agent/types/testing_agent.go:90.2,92.18 3 0
dev.helix.code/internal/agent/types/testing_agent.go:92.18,94.17 2 0
dev.helix.code/internal/agent/types/testing_agent.go:94.17,100.4 1 0
dev.helix.code/internal/agent/types/testing_agent.go:104.2,124.20 6 0
dev.helix.code/internal/agent/types/testing_agent.go:128.119,157.22 3 6
dev.helix.code/internal/agent/types/testing_agent.go:157.22,159.3 1 1
dev.helix.code/internal/agent/types/testing_agent.go:161.2,169.16 3 5
dev.helix.code/internal/agent/types/testing_agent.go:169.16,171.3 1 0
dev.helix.code/internal/agent/types/testing_agent.go:173.2,173.28 1 5
dev.helix.code/internal/agent/types/testing_agent.go:173.28,175.3 1 0
dev.helix.code/internal/agent/types/testing_agent.go:178.2,183.80 2 5
dev.helix.code/internal/agent/types/testing_agent.go:183.80,185.3 1 0
dev.helix.code/internal/agent/types/testing_agent.go:187.2,187.59 1 5
dev.helix.code/internal/agent/types/testing_agent.go:191.114,194.24 2 5
dev.helix.code/internal/agent/types/testing_agent.go:194.24,206.3 3 0
dev.helix.code/internal/agent/types/testing_agent.go:209.2,210.16 2 5
dev.helix.code/internal/agent/types/testing_agent.go:210.16,212.3 1 5
dev.helix.code/internal/agent/types/testing_agent.go:215.2,222.16 3 0
dev.helix.code/internal/agent/types/testing_agent.go:222.16,224.3 1 0
dev.helix.code/internal/agent/types/testing_agent.go:227.2,238.23 3 0
dev.helix.code/internal/agent/types/testing_agent.go:242.111,245.16 2 4
dev.helix.code/internal/agent/types/testing_agent.go:245.16,247.3 1 1
dev.helix.code/internal/agent/types/testing_agent.go:251.2,259.16 4 3
dev.helix.code/internal/agent/types/testing_agent.go:259.16,261.3 1 1
dev.helix.code/internal/agent/types/testing_agent.go:264.2,269.21 2 2
dev.helix.code/internal/agent/types/testing_agent.go:273.129,285.16 4 1
dev.helix.code/internal/agent/types/testing_agent.go:285.16,288.3 2 1
dev.helix.code/internal/agent/types/testing_agent.go:289.2,292.31 2 0
dev.helix.code/internal/agent/types/testing_agent.go:292.31,293.44 1 0
dev.helix.code/internal/agent/types/testing_agent.go:293.44,304.4 2 0
dev.helix.code/internal/agent/types/testing_agent.go:308.2,311.20 3 0
dev.helix.code/internal/agent/types/testing_agent.go:315.60,318.2 2 1
dev.helix.code/internal/agent/types/testing_agent.go:322.46,323.20 1 9
dev.helix.code/internal/agent/types/testing_agent.go:323.20,325.3 1 5
dev.helix.code/internal/agent/types/testing_agent.go:327.2,327.62 1 4
dev.helix.code/internal/agent/types/testing_agent.go:327.62,329.3 1 3
dev.helix.code/internal/agent/types/testing_agent.go:330.2,330.27 1 1
dev.helix.code/internal/agent/types/testing_agent.go:333.51,335.46 1 13
dev.helix.code/internal/agent/types/testing_agent.go:335.46,336.29 1 118
dev.helix.code/internal/agent/types/testing_agent.go:336.29,338.4 1 8
dev.helix.code/internal/agent/types/testing_agent.go:340.2,340.12 1 5
dev.helix.code/internal/agent/types/utils.go:4.34,5.16 1 11
dev.helix.code/internal/agent/types/utils.go:5.16,7.3 1 1
dev.helix.code/internal/agent/types/utils.go:8.2,9.25 2 10
dev.helix.code/internal/agent/types/utils.go:9.25,10.16 1 195
dev.helix.code/internal/agent/types/utils.go:10.16,12.4 1 14
dev.helix.code/internal/agent/types/utils.go:14.2,14.14 1 10
dev.helix.code/internal/commands/command.go:69.39,70.18 1 1
dev.helix.code/internal/commands/command.go:70.18,72.3 1 0
dev.helix.code/internal/commands/command.go:73.2,73.37 1 1
dev.helix.code/internal/commands/executor.go:17.48,22.2 1 4
dev.helix.code/internal/commands/executor.go:25.111,28.16 2 3
dev.helix.code/internal/commands/executor.go:28.16,33.3 1 1
dev.helix.code/internal/commands/executor.go:36.2,37.13 2 2
dev.helix.code/internal/commands/executor.go:37.13,42.3 1 1
dev.helix.code/internal/commands/executor.go:45.2,45.19 1 1
dev.helix.code/internal/commands/executor.go:45.19,47.3 1 0
dev.helix.code/internal/commands/executor.go:48.2,61.16 9 1
dev.helix.code/internal/commands/executor.go:61.16,67.3 1 0
dev.helix.code/internal/commands/executor.go:69.2,69.20 1 1
dev.helix.code/internal/commands/executor.go:73.98,75.2 1 0
dev.helix.code/internal/commands/executor.go:78.50,80.16 2 3
dev.helix.code/internal/commands/executor.go:80.16,82.3 1 1
dev.helix.code/internal/commands/executor.go:84.2,85.15 2 2
dev.helix.code/internal/commands/executor.go:89.55,90.23 1 0
dev.helix.code/internal/commands/executor.go:90.23,92.3 1 0
dev.helix.code/internal/commands/executor.go:93.2,93.40 1 0
dev.helix.code/internal/commands/executor.go:97.45,99.2 1 0
dev.helix.code/internal/commands/executor.go:102.58,103.34 1 6
dev.helix.code/internal/commands/executor.go:103.34,105.3 1 1
dev.helix.code/internal/commands/executor.go:107.2,113.29 5 5
dev.helix.code/internal/commands/executor.go:113.29,114.82 1 15
dev.helix.code/internal/commands/executor.go:114.82,116.4 1 8
dev.helix.code/internal/commands/executor.go:119.2,119.16 1 5
dev.helix.code/internal/commands/executor.go:123.85,124.33 1 4
dev.helix.code/internal/commands/executor.go:124.33,125.16 1 5
dev.helix.code/internal/commands/executor.go:126.18,127.27 1 3
dev.helix.code/internal/commands/executor.go:127.27,129.5 1 2
dev.helix.code/internal/commands/executor.go:130.21,131.30 1 2
dev.helix.code/internal/commands/executor.go:131.30,133.5 1 1
dev.helix.code/internal/commands/executor.go:134.21,135.30 1 0
dev.helix.code/internal/commands/executor.go:135.30,137.5 1 0
dev.helix.code/internal/commands/executor.go:138.22,139.31 1 0
dev.helix.code/internal/commands/executor.go:139.31,141.5 1 0
dev.helix.code/internal/commands/executor.go:144.2,144.12 1 1
dev.helix.code/internal/commands/parser.go:14.26,19.2 1 7
dev.helix.code/internal/commands/parser.go:22.115,26.36 2 19
dev.helix.code/internal/commands/parser.go:26.36,28.3 1 6
dev.helix.code/internal/commands/parser.go:31.2,32.22 2 13
dev.helix.code/internal/commands/parser.go:32.22,34.3 1 0
dev.helix.code/internal/commands/parser.go:36.2,41.42 4 13
dev.helix.code/internal/commands/parser.go:41.42,44.3 2 7
dev.helix.code/internal/commands/parser.go:46.2,46.39 1 13
dev.helix.code/internal/commands/parser.go:50.74,57.34 4 7
dev.helix.code/internal/commands/parser.go:57.34,59.17 2 12
dev.helix.code/internal/commands/parser.go:59.17,60.12 1 0
dev.helix.code/internal/commands/parser.go:64.3,64.36 1 12
dev.helix.code/internal/commands/parser.go:64.36,66.35 1 4
dev.helix.code/internal/commands/parser.go:66.35,69.5 2 1
dev.helix.code/internal/commands/parser.go:69.10,73.65 2 3
dev.helix.code/internal/commands/parser.go:73.65,76.6 2 1
dev.helix.code/internal/commands/parser.go:76.11,79.6 1 2
dev.helix.code/internal/commands/parser.go:81.9,84.4 1 8
dev.helix.code/internal/commands/parser.go:87.2,87.20 1 7
dev.helix.code/internal/commands/parser.go:91.58,95.33 2 1
dev.helix.code/internal/commands/parser.go:95.33,98.3 2 1
dev.helix.code/internal/commands/parser.go:101.2,101.21 1 0
dev.helix.code/internal/commands/parser.go:105.59,111.25 5 7
dev.helix.code/internal/commands/parser.go:111.25,112.10 1 120
dev.helix.code/internal/commands/parser.go:113.36,114.17 1 2
dev.helix.code/internal/commands/parser.go:114.17,117.5 2 1
dev.helix.code/internal/commands/parser.go:117.10,117.32 1 1
dev.helix.code/internal/commands/parser.go:117.32,120.5 2 1
dev.helix.code/internal/commands/parser.go:120.10,122.5 1 0
dev.helix.code/internal/commands/parser.go:123.33,124.25 1 6
dev.helix.code/internal/commands/parser.go:124.25,127.5 2 6
dev.helix.code/internal/commands/parser.go:128.11,129.27 1 112
dev.helix.code/internal/commands/parser.go:133.2,133.23 1 7
dev.helix.code/internal/commands/parser.go:133.23,135.3 1 7
dev.helix.code/internal/commands/parser.go:137.2,137.15 1 7
dev.helix.code/internal/commands/parser.go:141.47,144.2 2 12
dev.helix.code/internal/commands/parser.go:147.58,149.16 2 5
dev.helix.code/internal/commands/parser.go:149.16,151.3 1 2
dev.helix.code/internal/commands/parser.go:152.2,152.20 1 3
dev.helix.code/internal/commands/registry.go:18.30,23.2 1 5
dev.helix.code/internal/commands/registry.go:26.48,33.43 4 7
dev.helix.code/internal/commands/registry.go:33.43,35.3 1 1
dev.helix.code/internal/commands/registry.go:38.2,41.38 2 6
dev.helix.code/internal/commands/registry.go:41.38,43.44 2 3
dev.helix.code/internal/commands/registry.go:43.44,45.4 1 0
dev.helix.code/internal/commands/registry.go:46.3,46.26 1 3
dev.helix.code/internal/commands/registry.go:49.2,49.12 1 6
dev.helix.code/internal/commands/registry.go:53.44,60.45 4 1
dev.helix.code/internal/commands/registry.go:60.45,62.39 1 1
dev.helix.code/internal/commands/registry.go:62.39,64.4 1 2
dev.helix.code/internal/commands/registry.go:66.3,66.27 1 1
dev.helix.code/internal/commands/registry.go:71.53,78.45 4 7
dev.helix.code/internal/commands/registry.go:78.45,80.3 1 3
dev.helix.code/internal/commands/registry.go:83.2,83.49 1 4
dev.helix.code/internal/commands/registry.go:83.49,84.50 1 1
dev.helix.code/internal/commands/registry.go:84.50,86.4 1 1
dev.helix.code/internal/commands/registry.go:89.2,89.19 1 3
dev.helix.code/internal/commands/registry.go:93.37,98.33 4 1
dev.helix.code/internal/commands/registry.go:98.33,100.3 1 1
dev.helix.code/internal/commands/registry.go:103.2,103.43 1 1
dev.helix.code/internal/commands/registry.go:103.43,105.3 1 0
dev.helix.code/internal/commands/registry.go:107.2,107.17 1 1
dev.helix.code/internal/commands/registry.go:111.41,116.31 4 6
dev.helix.code/internal/commands/registry.go:116.31,118.3 1 16
dev.helix.code/internal/commands/registry.go:120.2,121.14 2 6
dev.helix.code/internal/commands/registry.go:125.48,127.13 2 0
dev.helix.code/internal/commands/registry.go:127.13,129.3 1 0
dev.helix.code/internal/commands/registry.go:131.2,134.28 3 0
dev.helix.code/internal/commands/registry.go:134.28,136.3 1 0
dev.helix.code/internal/commands/registry.go:138.2,141.22 3 0
dev.helix.code/internal/commands/registry.go:145.40,151.31 4 0
dev.helix.code/internal/commands/registry.go:151.31,153.29 2 0
dev.helix.code/internal/commands/registry.go:153.29,155.4 1 0
dev.helix.code/internal/commands/registry.go:156.3,156.65 1 0
dev.helix.code/internal/commands/registry.go:159.2,159.22 1 0
dev.helix.code/internal/commands/registry.go:163.32,167.2 3 0
dev.helix.code/internal/deployment/production_deployer.go:183.83,200.32 2 7
dev.helix.code/internal/deployment/production_deployer.go:200.32,201.62 1 0
dev.helix.code/internal/deployment/production_deployer.go:201.62,203.4 1 0
dev.helix.code/internal/deployment/production_deployer.go:204.3,204.65 1 0
dev.helix.code/internal/deployment/production_deployer.go:208.2,208.30 1 7
dev.helix.code/internal/deployment/production_deployer.go:208.30,210.3 1 2
dev.helix.code/internal/deployment/production_deployer.go:212.2,212.22 1 7
dev.helix.code/internal/deployment/production_deployer.go:216.105,217.45 1 3
dev.helix.code/internal/deployment/production_deployer.go:217.45,219.3 1 2
dev.helix.code/internal/deployment/production_deployer.go:221.2,242.31 9 1
dev.helix.code/internal/deployment/production_deployer.go:242.31,247.17 4 1
dev.helix.code/internal/deployment/production_deployer.go:247.17,250.4 2 1
dev.helix.code/internal/deployment/production_deployer.go:252.3,252.15 1 0
dev.helix.code/internal/deployment/production_deployer.go:252.15,255.4 2 0
dev.helix.code/internal/deployment/production_deployer.go:257.3,258.59 2 0
dev.helix.code/internal/deployment/production_deployer.go:262.2,264.23 2 0
dev.helix.code/internal/deployment/production_deployer.go:268.102,269.15 1 1
dev.helix.code/internal/deployment/production_deployer.go:270.24,271.36 1 1
dev.helix.code/internal/deployment/production_deployer.go:272.26,273.38 1 0
dev.helix.code/internal/deployment/production_deployer.go:274.29,275.41 1 0
dev.helix.code/internal/deployment/production_deployer.go:276.23,277.35 1 0
dev.helix.code/internal/deployment/production_deployer.go:278.24,279.36 1 0
dev.helix.code/internal/deployment/production_deployer.go:280.23,281.35 1 0
dev.helix.code/internal/deployment/production_deployer.go:282.23,283.35 1 0
dev.helix.code/internal/deployment/production_deployer.go:284.10,285.66 1 0
dev.helix.code/internal/deployment/production_deployer.go:290.85,294.48 2 1
dev.helix.code/internal/deployment/production_deployer.go:294.48,297.3 2 1
dev.helix.code/internal/deployment/production_deployer.go:300.2,300.48 1 0
dev.helix.code/internal/deployment/production_deployer.go:300.48,303.3 2 0
dev.helix.code/internal/deployment/production_deployer.go:306.2,306.51 1 0
dev.helix.code/internal/deployment/production_deployer.go:306.51,309.3 2 0
dev.helix.code/internal/deployment/production_deployer.go:313.2,315.18 3 0
dev.helix.code/internal/deployment/production_deployer.go:319.87,320.36 1 0
dev.helix.code/internal/deployment/production_deployer.go:320.36,323.3 2 0
dev.helix.code/internal/deployment/production_deployer.go:325.2,329.16 3 0
dev.helix.code/internal/deployment/production_deployer.go:329.16,334.3 4 0
dev.helix.code/internal/deployment/production_deployer.go:337.2,348.28 2 0
dev.helix.code/internal/deployment/production_deployer.go:348.28,359.3 8 0
dev.helix.code/internal/deployment/production_deployer.go:361.2,372.18 10 0
dev.helix.code/internal/deployment/production_deployer.go:376.90,377.39 1 0
dev.helix.code/internal/deployment/production_deployer.go:377.39,380.3 2 0
dev.helix.code/internal/deployment/production_deployer.go:382.2,386.16 3 0
dev.helix.code/internal/deployment/production_deployer.go:386.16,391.3 4 0
dev.helix.code/internal/deployment/production_deployer.go:394.2,397.79 3 0
dev.helix.code/internal/deployment/production_deployer.go:397.79,400.3 2 0
dev.helix.code/internal/deployment/production_deployer.go:402.2,402.88 1 0
dev.helix.code/internal/deployment/production_deployer.go:402.88,405.3 2 0
dev.helix.code/internal/deployment/production_deployer.go:407.2,407.76 1 0
dev.helix.code/internal/deployment/production_deployer.go:407.76,410.3 2 0
dev.helix.code/internal/deployment/production_deployer.go:412.2,412.76 1 0
dev.helix.code/internal/deployment/production_deployer.go:412.76,415.3 2 0
dev.helix.code/internal/deployment/production_deployer.go:417.2,433.17 2 0
dev.helix.code/internal/deployment/production_deployer.go:433.17,445.3 9 0
dev.helix.code/internal/deployment/production_deployer.go:447.2,458.18 10 0
dev.helix.code/internal/deployment/production_deployer.go:462.84,473.38 7 0
dev.helix.code/internal/deployment/production_deployer.go:474.24,475.49 1 0
dev.helix.code/internal/deployment/production_deployer.go:476.23,477.48 1 0
dev.helix.code/internal/deployment/production_deployer.go:478.20,479.45 1 0
dev.helix.code/internal/deployment/production_deployer.go:480.21,481.46 1 0
dev.helix.code/internal/deployment/production_deployer.go:482.22,483.47 1 0
dev.helix.code/internal/deployment/production_deployer.go:484.10,485.92 1 0
dev.helix.code/internal/deployment/production_deployer.go:488.2,488.16 1 0
dev.helix.code/internal/deployment/production_deployer.go:488.16,493.3 4 0
dev.helix.code/internal/deployment/production_deployer.go:495.2,495.14 1 0
dev.helix.code/internal/deployment/production_deployer.go:495.14,500.3 4 0
dev.helix.code/internal/deployment/production_deployer.go:503.2,511.18 7 0
dev.helix.code/internal/deployment/production_deployer.go:515.90,520.49 3 0
dev.helix.code/internal/deployment/production_deployer.go:520.49,525.14 3 0
dev.helix.code/internal/deployment/production_deployer.go:525.14,529.4 3 0
dev.helix.code/internal/deployment/production_deployer.go:529.9,531.4 1 0
dev.helix.code/internal/deployment/production_deployer.go:534.3,534.37 1 0
dev.helix.code/internal/deployment/production_deployer.go:537.2,543.32 5 0
dev.helix.code/internal/deployment/production_deployer.go:547.87,553.2 2 0
dev.helix.code/internal/deployment/production_deployer.go:556.85,557.35 1 0
dev.helix.code/internal/deployment/production_deployer.go:557.35,560.3 2 0
dev.helix.code/internal/deployment/production_deployer.go:562.2,567.51 4 0
dev.helix.code/internal/deployment/production_deployer.go:567.51,572.17 3 0
dev.helix.code/internal/deployment/production_deployer.go:572.17,574.4 1 0
dev.helix.code/internal/deployment/production_deployer.go:574.9,574.21 1 0
dev.helix.code/internal/deployment/production_deployer.go:574.21,577.4 2 0
dev.helix.code/internal/deployment/production_deployer.go:577.9,579.4 1 0
dev.helix.code/internal/deployment/production_deployer.go:581.3,586.25 1 0
dev.helix.code/internal/deployment/production_deployer.go:586.25,587.19 1 0
dev.helix.code/internal/deployment/production_deployer.go:587.19,589.6 1 0
dev.helix.code/internal/deployment/production_deployer.go:590.5,590.14 1 0
dev.helix.code/internal/deployment/production_deployer.go:595.2,608.53 3 0
dev.helix.code/internal/deployment/production_deployer.go:608.53,618.3 7 0
dev.helix.code/internal/deployment/production_deployer.go:620.2,630.18 9 0
dev.helix.code/internal/deployment/production_deployer.go:634.93,641.14 3 0
dev.helix.code/internal/deployment/production_deployer.go:641.14,643.3 1 0
dev.helix.code/internal/deployment/production_deployer.go:645.2,645.32 1 0
dev.helix.code/internal/deployment/production_deployer.go:649.84,653.41 2 0
dev.helix.code/internal/deployment/production_deployer.go:653.41,655.3 1 0
dev.helix.code/internal/deployment/production_deployer.go:658.2,658.75 1 0
dev.helix.code/internal/deployment/production_deployer.go:658.75,660.3 1 0
dev.helix.code/internal/deployment/production_deployer.go:663.2,663.75 1 0
dev.helix.code/internal/deployment/production_deployer.go:663.75,665.3 1 0
dev.helix.code/internal/deployment/production_deployer.go:668.2,668.68 1 0
dev.helix.code/internal/deployment/production_deployer.go:668.68,670.3 1 0
dev.helix.code/internal/deployment/production_deployer.go:672.2,674.18 3 0
dev.helix.code/internal/deployment/production_deployer.go:678.84,681.57 2 0
dev.helix.code/internal/deployment/production_deployer.go:681.57,683.52 1 0
dev.helix.code/internal/deployment/production_deployer.go:683.52,688.4 2 0
dev.helix.code/internal/deployment/production_deployer.go:690.3,690.101 1 0
dev.helix.code/internal/deployment/production_deployer.go:691.8,693.3 1 0
dev.helix.code/internal/deployment/production_deployer.go:695.2,696.18 2 0
dev.helix.code/internal/deployment/production_deployer.go:700.58,702.22 1 1
dev.helix.code/internal/deployment/production_deployer.go:702.22,704.3 1 0
dev.helix.code/internal/deployment/production_deployer.go:707.2,707.39 1 1
dev.helix.code/internal/deployment/production_deployer.go:707.39,709.3 1 0
dev.helix.code/internal/deployment/production_deployer.go:712.2,712.34 1 1
dev.helix.code/internal/deployment/production_deployer.go:712.34,714.3 1 1
dev.helix.code/internal/deployment/production_deployer.go:716.2,717.12 2 0
dev.helix.code/internal/deployment/production_deployer.go:720.58,728.2 4 0
dev.helix.code/internal/deployment/production_deployer.go:730.61,733.49 2 0
dev.helix.code/internal/deployment/production_deployer.go:733.49,737.3 2 0
dev.helix.code/internal/deployment/production_deployer.go:739.2,740.12 2 0
dev.helix.code/internal/deployment/production_deployer.go:743.105,760.2 3 0
dev.helix.code/internal/deployment/production_deployer.go:762.106,775.2 3 0
dev.helix.code/internal/deployment/production_deployer.go:778.89,782.2 2 0
dev.helix.code/internal/deployment/production_deployer.go:784.86,788.2 2 0
dev.helix.code/internal/deployment/production_deployer.go:790.87,794.2 2 0
dev.helix.code/internal/deployment/production_deployer.go:796.88,800.2 2 0
dev.helix.code/internal/deployment/production_deployer.go:803.52,819.2 13 0
dev.helix.code/internal/deployment/production_deployer.go:821.80,836.35 12 1
dev.helix.code/internal/deployment/production_deployer.go:836.35,839.3 2 0
dev.helix.code/internal/deployment/production_deployer.go:841.2,841.109 1 1
dev.helix.code/internal/deployment/production_deployer.go:844.62,854.51 7 0
dev.helix.code/internal/deployment/production_deployer.go:854.51,862.3 4 0
dev.helix.code/internal/deployment/production_deployer.go:864.2,871.127 6 0
dev.helix.code/internal/deployment/production_deployer.go:875.36,877.2 1 7
dev.helix.code/internal/deployment/production_deployer.go:879.85,892.2 4 2
dev.helix.code/internal/deployment/production_deployer.go:903.66,906.2 1 0
dev.helix.code/internal/deployment/production_deployer.go:908.62,911.2 1 0
dev.helix.code/internal/deployment/production_deployer.go:913.54,916.2 2 0
dev.helix.code/internal/deployment/production_deployer.go:918.73,919.23 1 0
dev.helix.code/internal/deployment/production_deployer.go:919.23,921.3 1 0
dev.helix.code/internal/deployment/production_deployer.go:923.2,924.33 2 0
dev.helix.code/internal/deployment/production_deployer.go:924.33,926.3 1 0
dev.helix.code/internal/deployment/production_deployer.go:928.2,928.44 1 0
dev.helix.code/internal/commands/builtin/condense.go:14.44,16.2 1 2
dev.helix.code/internal/commands/builtin/condense.go:19.41,21.2 1 2
dev.helix.code/internal/commands/builtin/condense.go:24.46,26.2 1 2
dev.helix.code/internal/commands/builtin/condense.go:29.48,31.2 1 1
dev.helix.code/internal/commands/builtin/condense.go:34.42,49.2 1 1
dev.helix.code/internal/commands/builtin/condense.go:52.122,53.34 1 3
dev.helix.code/internal/commands/builtin/condense.go:53.34,58.3 1 1
dev.helix.code/internal/commands/builtin/condense.go:61.2,62.46 2 2
dev.helix.code/internal/commands/builtin/condense.go:62.46,64.3 1 1
dev.helix.code/internal/commands/builtin/condense.go:66.2,70.42 4 2
dev.helix.code/internal/commands/builtin/condense.go:70.42,72.3 1 1
dev.helix.code/internal/commands/builtin/condense.go:75.2,79.24 4 2
dev.helix.code/internal/commands/builtin/condense.go:79.24,84.3 1 0
dev.helix.code/internal/commands/builtin/condense.go:87.2,112.8 2 2
dev.helix.code/internal/commands/builtin/deepplanning.go:15.52,17.2 1 2
dev.helix.code/internal/commands/builtin/deepplanning.go:20.45,22.2 1 2
dev.helix.code/internal/commands/builtin/deepplanning.go:25.50,27.2 1 2
dev.helix.code/internal/commands/builtin/deepplanning.go:30.52,32.2 1 1
dev.helix.code/internal/commands/builtin/deepplanning.go:35.46,62.2 1 1
dev.helix.code/internal/commands/builtin/deepplanning.go:65.126,68.49 2 8
dev.helix.code/internal/commands/builtin/deepplanning.go:68.49,73.3 1 1
dev.helix.code/internal/commands/builtin/deepplanning.go:76.2,76.48 1 7
dev.helix.code/internal/commands/builtin/deepplanning.go:76.48,78.3 1 1
dev.helix.code/internal/commands/builtin/deepplanning.go:81.2,82.42 2 6
dev.helix.code/internal/commands/builtin/deepplanning.go:82.42,84.16 2 1
dev.helix.code/internal/commands/builtin/deepplanning.go:84.16,86.4 1 0
dev.helix.code/internal/commands/builtin/deepplanning.go:86.9,86.23 1 1
dev.helix.code/internal/commands/builtin/deepplanning.go:86.23,88.4 1 0
dev.helix.code/internal/commands/builtin/deepplanning.go:92.2,94.22 3 6
dev.helix.code/internal/commands/builtin/deepplanning.go:94.22,95.45 1 1
dev.helix.code/internal/commands/builtin/deepplanning.go:95.45,97.4 1 0
dev.helix.code/internal/commands/builtin/deepplanning.go:101.2,102.44 2 6
dev.helix.code/internal/commands/builtin/deepplanning.go:102.44,104.35 2 1
dev.helix.code/internal/commands/builtin/deepplanning.go:104.35,106.4 1 3
dev.helix.code/internal/commands/builtin/deepplanning.go:110.2,139.22 6 6
dev.helix.code/internal/commands/builtin/deepplanning.go:139.22,141.3 1 1
dev.helix.code/internal/commands/builtin/deepplanning.go:143.2,154.8 1 6
dev.helix.code/internal/commands/builtin/deepplanning.go:158.127,180.2 2 1
dev.helix.code/internal/commands/builtin/deepplanning.go:183.63,186.25 2 6
dev.helix.code/internal/commands/builtin/deepplanning.go:186.25,188.3 1 5
dev.helix.code/internal/commands/builtin/deepplanning.go:190.2,191.29 2 1
dev.helix.code/internal/commands/builtin/deepplanning.go:191.29,193.22 2 2
dev.helix.code/internal/commands/builtin/deepplanning.go:193.22,195.4 1 2
dev.helix.code/internal/commands/builtin/deepplanning.go:198.2,198.20 1 1
dev.helix.code/internal/commands/builtin/deepplanning.go:202.98,210.67 5 6
dev.helix.code/internal/commands/builtin/deepplanning.go:210.67,212.25 2 12
dev.helix.code/internal/commands/builtin/deepplanning.go:212.25,219.39 2 12
dev.helix.code/internal/commands/builtin/deepplanning.go:219.39,221.5 1 12
dev.helix.code/internal/commands/builtin/deepplanning.go:224.2,228.27 3 6
dev.helix.code/internal/commands/builtin/deepplanning.go:228.27,230.3 1 0
dev.helix.code/internal/commands/builtin/deepplanning.go:232.2,232.16 1 6
dev.helix.code/internal/commands/builtin/deepplanning.go:236.67,249.30 4 6
dev.helix.code/internal/commands/builtin/deepplanning.go:249.30,251.37 2 12
dev.helix.code/internal/commands/builtin/deepplanning.go:251.37,252.55 1 348
dev.helix.code/internal/commands/builtin/deepplanning.go:252.55,255.5 2 0
dev.helix.code/internal/commands/builtin/deepplanning.go:259.2,259.21 1 6
dev.helix.code/internal/commands/builtin/newrule.go:15.42,17.2 1 2
dev.helix.code/internal/commands/builtin/newrule.go:20.40,22.2 1 2
dev.helix.code/internal/commands/builtin/newrule.go:25.45,27.2 1 1
dev.helix.code/internal/commands/builtin/newrule.go:30.47,32.2 1 1
dev.helix.code/internal/commands/builtin/newrule.go:35.41,55.2 1 1
dev.helix.code/internal/commands/builtin/newrule.go:58.121,61.26 2 3
dev.helix.code/internal/commands/builtin/newrule.go:61.26,63.3 1 3
dev.helix.code/internal/commands/builtin/newrule.go:66.2,74.14 5 3
dev.helix.code/internal/commands/builtin/newrule.go:74.14,76.3 1 1
dev.helix.code/internal/commands/builtin/newrule.go:79.2,80.20 2 3
dev.helix.code/internal/commands/builtin/newrule.go:80.20,82.3 1 2
dev.helix.code/internal/commands/builtin/newrule.go:85.2,99.14 3 3
dev.helix.code/internal/commands/builtin/newrule.go:99.14,101.3 1 1
dev.helix.code/internal/commands/builtin/newrule.go:103.2,114.8 1 3
dev.helix.code/internal/commands/builtin/newrule.go:118.75,125.30 4 4
dev.helix.code/internal/commands/builtin/newrule.go:125.30,131.39 2 12
dev.helix.code/internal/commands/builtin/newrule.go:131.39,133.4 1 12
dev.helix.code/internal/commands/builtin/newrule.go:136.3,136.82 1 12
dev.helix.code/internal/commands/builtin/newrule.go:136.82,138.4 1 8
dev.helix.code/internal/commands/builtin/newrule.go:141.3,141.79 1 12
dev.helix.code/internal/commands/builtin/newrule.go:141.79,143.4 1 0
dev.helix.code/internal/commands/builtin/newrule.go:147.2,147.42 1 4
dev.helix.code/internal/commands/builtin/newrule.go:147.42,148.17 1 0
dev.helix.code/internal/commands/builtin/newrule.go:148.17,150.4 1 0
dev.helix.code/internal/commands/builtin/newrule.go:153.2,153.17 1 4
dev.helix.code/internal/commands/builtin/newtask.go:15.42,17.2 1 2
dev.helix.code/internal/commands/builtin/newtask.go:20.40,22.2 1 2
dev.helix.code/internal/commands/builtin/newtask.go:25.45,27.2 1 2
dev.helix.code/internal/commands/builtin/newtask.go:30.47,32.2 1 1
dev.helix.code/internal/commands/builtin/newtask.go:35.41,49.2 1 1
dev.helix.code/internal/commands/builtin/newtask.go:52.121,55.23 2 3
dev.helix.code/internal/commands/builtin/newtask.go:55.23,60.3 1 1
dev.helix.code/internal/commands/builtin/newtask.go:63.2,65.20 3 2
dev.helix.code/internal/commands/builtin/newtask.go:65.20,67.3 1 1
dev.helix.code/internal/commands/builtin/newtask.go:68.2,74.19 3 2
dev.helix.code/internal/commands/builtin/newtask.go:74.19,76.21 2 0
dev.helix.code/internal/commands/builtin/newtask.go:76.21,78.4 1 0
dev.helix.code/internal/commands/builtin/newtask.go:82.2,82.44 1 2
dev.helix.code/internal/commands/builtin/newtask.go:82.44,83.72 1 1
dev.helix.code/internal/commands/builtin/newtask.go:83.72,85.4 1 1
dev.helix.code/internal/commands/builtin/newtask.go:89.2,89.29 1 2
dev.helix.code/internal/commands/builtin/newtask.go:89.29,91.3 1 0
dev.helix.code/internal/commands/builtin/newtask.go:94.2,108.18 2 2
dev.helix.code/internal/commands/builtin/newtask.go:108.18,115.3 1 1
dev.helix.code/internal/commands/builtin/newtask.go:117.2,127.8 1 2
dev.helix.code/internal/commands/builtin/newtask.go:131.71,134.30 2 1
dev.helix.code/internal/commands/builtin/newtask.go:134.30,138.30 2 4
dev.helix.code/internal/commands/builtin/newtask.go:138.30,140.66 1 15
dev.helix.code/internal/commands/builtin/newtask.go:140.66,143.37 2 3
dev.helix.code/internal/commands/builtin/newtask.go:143.37,145.6 1 3
dev.helix.code/internal/commands/builtin/newtask.go:150.2,151.26 2 1
dev.helix.code/internal/commands/builtin/newtask.go:151.26,153.3 1 3
dev.helix.code/internal/commands/builtin/newtask.go:154.2,154.15 1 1
dev.helix.code/internal/commands/builtin/register.go:6.59,24.2 6 1
dev.helix.code/internal/commands/builtin/register.go:27.40,36.2 1 1
dev.helix.code/internal/commands/builtin/register.go:39.51,67.2 1 1
dev.helix.code/internal/commands/builtin/reportbug.go:21.46,23.2 1 2
dev.helix.code/internal/commands/builtin/reportbug.go:26.42,28.2 1 2
dev.helix.code/internal/commands/builtin/reportbug.go:31.47,33.2 1 2
dev.helix.code/internal/commands/builtin/reportbug.go:36.49,38.2 1 1
dev.helix.code/internal/commands/builtin/reportbug.go:41.43,57.2 1 1
dev.helix.code/internal/commands/builtin/reportbug.go:60.123,63.23 2 3
dev.helix.code/internal/commands/builtin/reportbug.go:63.23,65.3 1 0
dev.helix.code/internal/commands/builtin/reportbug.go:68.2,69.17 2 3
dev.helix.code/internal/commands/builtin/reportbug.go:69.17,71.3 1 2
dev.helix.code/internal/commands/builtin/reportbug.go:73.2,74.18 2 3
dev.helix.code/internal/commands/builtin/reportbug.go:74.18,76.3 1 2
dev.helix.code/internal/commands/builtin/reportbug.go:78.2,79.66 2 3
dev.helix.code/internal/commands/builtin/reportbug.go:79.66,81.3 1 0
dev.helix.code/internal/commands/builtin/reportbug.go:83.2,90.16 4 3
dev.helix.code/internal/commands/builtin/reportbug.go:90.16,92.3 1 3
dev.helix.code/internal/commands/builtin/reportbug.go:95.2,113.16 4 3
dev.helix.code/internal/commands/builtin/reportbug.go:113.16,115.3 1 1
dev.helix.code/internal/commands/builtin/reportbug.go:115.8,117.3 1 2
dev.helix.code/internal/commands/builtin/reportbug.go:119.2,130.8 1 3
dev.helix.code/internal/commands/builtin/reportbug.go:134.44,144.2 1 4
dev.helix.code/internal/commands/builtin/reportbug.go:147.60,160.39 5 3
dev.helix.code/internal/commands/builtin/reportbug.go:160.39,161.52 1 12
dev.helix.code/internal/commands/builtin/reportbug.go:161.52,167.26 4 0
dev.helix.code/internal/commands/builtin/reportbug.go:167.26,169.5 1 0
dev.helix.code/internal/commands/builtin/reportbug.go:171.4,172.40 2 0
dev.helix.code/internal/commands/builtin/reportbug.go:172.40,173.42 1 0
dev.helix.code/internal/commands/builtin/reportbug.go:173.42,176.6 2 0
dev.helix.code/internal/commands/builtin/reportbug.go:178.4,179.9 2 0
dev.helix.code/internal/commands/builtin/reportbug.go:183.2,183.16 1 3
dev.helix.code/internal/commands/builtin/reportbug.go:183.16,189.3 4 3
dev.helix.code/internal/commands/builtin/reportbug.go:191.2,191.28 1 3
dev.helix.code/internal/commands/builtin/reportbug.go:195.131,204.37 7 3
dev.helix.code/internal/commands/builtin/reportbug.go:204.37,206.3 1 21
dev.helix.code/internal/commands/builtin/reportbug.go:207.2,213.16 5 3
dev.helix.code/internal/commands/builtin/reportbug.go:213.16,218.3 4 3
dev.helix.code/internal/commands/builtin/reportbug.go:220.2,229.20 7 3
dev.helix.code/internal/commands/builtin/reportbug.go:233.70,234.23 1 3
dev.helix.code/internal/commands/builtin/reportbug.go:234.23,236.3 1 0
dev.helix.code/internal/commands/builtin/reportbug.go:239.2,241.54 3 3
dev.helix.code/internal/commands/builtin/reportbug.go:241.54,243.25 2 6
dev.helix.code/internal/commands/builtin/reportbug.go:243.25,246.26 2 3
dev.helix.code/internal/commands/builtin/reportbug.go:246.26,248.5 1 0
dev.helix.code/internal/commands/builtin/reportbug.go:249.4,250.11 2 3
dev.helix.code/internal/commands/builtin/reportbug.go:254.2,254.21 1 3
dev.helix.code/internal/commands/builtin/reportbug.go:254.21,256.3 1 0
dev.helix.code/internal/commands/builtin/reportbug.go:258.2,259.29 2 3
dev.helix.code/internal/commands/builtin/reportbug.go:259.29,261.3 1 3
dev.helix.code/internal/commands/builtin/reportbug.go:262.2,262.20 1 3
dev.helix.code/internal/commands/builtin/workflows.go:15.46,17.2 1 2
dev.helix.code/internal/commands/builtin/workflows.go:20.42,22.2 1 2
dev.helix.code/internal/commands/builtin/workflows.go:25.47,27.2 1 2
dev.helix.code/internal/commands/builtin/workflows.go:30.49,32.2 1 1
dev.helix.code/internal/commands/builtin/workflows.go:35.43,61.2 1 1
dev.helix.code/internal/commands/builtin/workflows.go:64.123,66.39 1 7
dev.helix.code/internal/commands/builtin/workflows.go:66.39,68.3 1 0
dev.helix.code/internal/commands/builtin/workflows.go:71.2,71.50 1 7
dev.helix.code/internal/commands/builtin/workflows.go:71.50,73.3 1 1
dev.helix.code/internal/commands/builtin/workflows.go:76.2,76.50 1 6
dev.helix.code/internal/commands/builtin/workflows.go:76.50,78.3 1 1
dev.helix.code/internal/commands/builtin/workflows.go:81.2,81.26 1 5
dev.helix.code/internal/commands/builtin/workflows.go:81.26,84.3 2 4
dev.helix.code/internal/commands/builtin/workflows.go:87.2,87.32 1 1
dev.helix.code/internal/commands/builtin/workflows.go:91.108,147.2 3 1
dev.helix.code/internal/commands/builtin/workflows.go:150.131,153.49 2 4
dev.helix.code/internal/commands/builtin/workflows.go:153.49,155.3 1 1
dev.helix.code/internal/commands/builtin/workflows.go:158.2,170.35 3 4
dev.helix.code/internal/commands/builtin/workflows.go:170.35,175.3 1 1
dev.helix.code/internal/commands/builtin/workflows.go:178.2,194.11 3 3
dev.helix.code/internal/commands/builtin/workflows.go:194.11,196.3 1 1
dev.helix.code/internal/commands/builtin/workflows.go:198.2,208.8 1 3
dev.helix.code/internal/commands/builtin/workflows.go:212.133,232.2 2 1
dev.helix.code/internal/commands/builtin/workflows.go:235.128,257.2 2 1
dev.helix.code/internal/commands/builtin/workflows.go:260.67,265.29 3 1
dev.helix.code/internal/commands/builtin/workflows.go:265.29,267.22 2 2
dev.helix.code/internal/commands/builtin/workflows.go:267.22,269.4 1 0
dev.helix.code/internal/commands/builtin/workflows.go:273.2,273.22 1 1
dev.helix.code/internal/commands/builtin/workflows.go:273.22,275.3 1 1
dev.helix.code/internal/commands/builtin/workflows.go:277.2,277.15 1 1
dev.helix.code/internal/commands/builtin/workflows.go:281.84,285.41 2 3
dev.helix.code/internal/commands/builtin/workflows.go:285.41,286.32 1 0
dev.helix.code/internal/commands/builtin/workflows.go:286.32,288.9 2 0
dev.helix.code/internal/commands/builtin/workflows.go:293.2,295.16 2 3
dev.helix.code/internal/auth/auth.go:67.33,78.2 1 12
dev.helix.code/internal/auth/auth.go:100.72,105.2 1 21
dev.helix.code/internal/auth/auth.go:108.115,110.74 1 6
dev.helix.code/internal/auth/auth.go:110.74,112.3 1 3
dev.helix.code/internal/auth/auth.go:115.2,115.68 1 3
dev.helix.code/internal/auth/auth.go:115.68,117.3 1 1
dev.helix.code/internal/auth/auth.go:119.2,119.62 1 2
dev.helix.code/internal/auth/auth.go:119.62,121.3 1 1
dev.helix.code/internal/auth/auth.go:124.2,125.16 2 1
dev.helix.code/internal/auth/auth.go:125.16,127.3 1 0
dev.helix.code/internal/auth/auth.go:130.2,143.65 2 1
dev.helix.code/internal/auth/auth.go:143.65,145.3 1 0
dev.helix.code/internal/auth/auth.go:147.2,147.18 1 1
dev.helix.code/internal/auth/auth.go:151.136,154.16 2 5
dev.helix.code/internal/auth/auth.go:154.16,157.17 2 2
dev.helix.code/internal/auth/auth.go:157.17,159.4 1 1
dev.helix.code/internal/auth/auth.go:163.2,163.20 1 4
dev.helix.code/internal/auth/auth.go:163.20,165.3 1 1
dev.helix.code/internal/auth/auth.go:168.2,168.47 1 3
dev.helix.code/internal/auth/auth.go:168.47,170.3 1 1
dev.helix.code/internal/auth/auth.go:173.2,173.63 1 2
dev.helix.code/internal/auth/auth.go:173.63,175.3 1 0
dev.helix.code/internal/auth/auth.go:178.2,179.16 2 2
dev.helix.code/internal/auth/auth.go:179.16,181.3 1 0
dev.helix.code/internal/auth/auth.go:183.2,184.21 2 2
dev.helix.code/internal/auth/auth.go:184.21,186.3 1 2
dev.helix.code/internal/auth/auth.go:188.2,199.57 2 2
dev.helix.code/internal/auth/auth.go:199.57,201.3 1 0
dev.helix.code/internal/auth/auth.go:203.2,203.27 1 2
dev.helix.code/internal/auth/auth.go:207.94,209.16 2 5
dev.helix.code/internal/auth/auth.go:209.16,211.3 1 1
dev.helix.code/internal/auth/auth.go:213.2,213.41 1 4
dev.helix.code/internal/auth/auth.go:213.41,217.3 2 1
dev.helix.code/internal/auth/auth.go:219.2,220.16 2 3
dev.helix.code/internal/auth/auth.go:220.16,222.3 1 1
dev.helix.code/internal/auth/auth.go:224.2,224.20 1 2
dev.helix.code/internal/auth/auth.go:224.20,226.3 1 1
dev.helix.code/internal/auth/auth.go:228.2,228.18 1 1
dev.helix.code/internal/auth/auth.go:232.78,234.2 1 2
dev.helix.code/internal/auth/auth.go:237.78,239.2 1 2
dev.helix.code/internal/auth/auth.go:242.63,253.2 3 1
dev.helix.code/internal/auth/auth.go:256.68,257.83 1 2
dev.helix.code/internal/auth/auth.go:257.83,258.58 1 1
dev.helix.code/internal/auth/auth.go:258.58,260.4 1 0
dev.helix.code/internal/auth/auth.go:261.3,261.41 1 1
dev.helix.code/internal/auth/auth.go:264.2,264.16 1 2
dev.helix.code/internal/auth/auth.go:264.16,266.3 1 1
dev.helix.code/internal/auth/auth.go:268.2,268.67 1 1
dev.helix.code/internal/auth/auth.go:268.67,270.10 2 1
dev.helix.code/internal/auth/auth.go:270.10,272.4 1 0
dev.helix.code/internal/auth/auth.go:274.3,275.17 2 1
dev.helix.code/internal/auth/auth.go:275.17,277.4 1 0
dev.helix.code/internal/auth/auth.go:281.3,285.9 1 1
dev.helix.code/internal/auth/auth.go:288.2,288.29 1 0
dev.helix.code/internal/auth/auth.go:293.84,294.46 1 10
dev.helix.code/internal/auth/auth.go:294.46,296.3 1 2
dev.helix.code/internal/auth/auth.go:298.2,298.73 1 8
dev.helix.code/internal/auth/auth.go:298.73,300.3 1 2
dev.helix.code/internal/auth/auth.go:302.2,302.23 1 6
dev.helix.code/internal/auth/auth.go:302.23,304.3 1 2
dev.helix.code/internal/auth/auth.go:306.2,306.12 1 4
dev.helix.code/internal/auth/auth.go:309.69,312.16 2 6
dev.helix.code/internal/auth/auth.go:312.16,314.3 1 0
dev.helix.code/internal/auth/auth.go:315.2,315.26 1 6
dev.helix.code/internal/auth/auth.go:318.66,321.16 2 5
dev.helix.code/internal/auth/auth.go:321.16,323.3 1 3
dev.helix.code/internal/auth/auth.go:326.2,326.47 1 2
dev.helix.code/internal/auth/auth.go:329.72,333.21 2 2
dev.helix.code/internal/auth/auth.go:333.21,335.3 1 2
dev.helix.code/internal/auth/auth.go:339.2,339.68 1 0
dev.helix.code/internal/auth/auth.go:342.62,344.44 2 3
dev.helix.code/internal/auth/auth.go:344.44,346.3 1 0
dev.helix.code/internal/auth/auth.go:347.2,347.54 1 3
dev.helix.code/internal/auth/auth_db.go:20.55,22.2 1 26
dev.helix.code/internal/auth/auth_db.go:25.89,43.16 3 2
dev.helix.code/internal/auth/auth_db.go:43.16,45.3 1 1
dev.helix.code/internal/auth/auth_db.go:47.2,47.12 1 1
dev.helix.code/internal/auth/auth_db.go:51.97,75.16 6 3
dev.helix.code/internal/auth/auth_db.go:75.16,76.27 1 1
dev.helix.code/internal/auth/auth_db.go:76.27,78.4 1 1
dev.helix.code/internal/auth/auth_db.go:79.3,79.72 1 0
dev.helix.code/internal/auth/auth_db.go:82.2,82.21 1 2
dev.helix.code/internal/auth/auth_db.go:82.21,84.3 1 1
dev.helix.code/internal/auth/auth_db.go:86.2,86.33 1 2
dev.helix.code/internal/auth/auth_db.go:90.91,114.16 6 2
dev.helix.code/internal/auth/auth_db.go:114.16,115.27 1 1
dev.helix.code/internal/auth/auth_db.go:115.27,117.4 1 1
dev.helix.code/internal/auth/auth_db.go:118.3,118.69 1 0
dev.helix.code/internal/auth/auth_db.go:121.2,121.21 1 1
dev.helix.code/internal/auth/auth_db.go:121.21,123.3 1 1
dev.helix.code/internal/auth/auth_db.go:125.2,125.33 1 1
dev.helix.code/internal/auth/auth_db.go:129.80,151.16 5 3
dev.helix.code/internal/auth/auth_db.go:151.16,152.27 1 2
dev.helix.code/internal/auth/auth_db.go:152.27,154.4 1 1
dev.helix.code/internal/auth/auth_db.go:155.3,155.62 1 1
dev.helix.code/internal/auth/auth_db.go:158.2,158.21 1 1
dev.helix.code/internal/auth/auth_db.go:158.21,160.3 1 1
dev.helix.code/internal/auth/auth_db.go:162.2,162.19 1 1
dev.helix.code/internal/auth/auth_db.go:166.79,170.16 3 2
dev.helix.code/internal/auth/auth_db.go:170.16,172.3 1 1
dev.helix.code/internal/auth/auth_db.go:174.2,174.12 1 1
dev.helix.code/internal/auth/auth_db.go:178.77,184.30 3 3
dev.helix.code/internal/auth/auth_db.go:184.30,186.3 1 1
dev.helix.code/internal/auth/auth_db.go:188.2,199.16 2 3
dev.helix.code/internal/auth/auth_db.go:199.16,201.3 1 1
dev.helix.code/internal/auth/auth_db.go:203.2,203.12 1 2
dev.helix.code/internal/auth/auth_db.go:207.82,227.16 5 4
dev.helix.code/internal/auth/auth_db.go:227.16,228.27 1 2
dev.helix.code/internal/auth/auth_db.go:228.27,230.4 1 1
dev.helix.code/internal/auth/auth_db.go:231.3,231.59 1 1
dev.helix.code/internal/auth/auth_db.go:234.2,234.18 1 2
dev.helix.code/internal/auth/auth_db.go:234.18,236.3 1 1
dev.helix.code/internal/auth/auth_db.go:238.2,238.22 1 2
dev.helix.code/internal/auth/auth_db.go:242.73,246.16 3 3
dev.helix.code/internal/auth/auth_db.go:246.16,248.3 1 1
dev.helix.code/internal/auth/auth_db.go:250.2,250.32 1 2
dev.helix.code/internal/auth/auth_db.go:250.32,252.3 1 1
dev.helix.code/internal/auth/auth_db.go:254.2,254.12 1 1
dev.helix.code/internal/auth/auth_db.go:258.82,262.16 3 3
dev.helix.code/internal/auth/auth_db.go:262.16,264.3 1 1
dev.helix.code/internal/auth/auth_db.go:266.2,266.12 1 2
dev.helix.code/internal/cognee/cognee_manager.go:19.65,21.2 1 2
dev.helix.code/internal/cognee/cognee_manager.go:31.112,37.2 1 10
dev.helix.code/internal/cognee/cognee_manager.go:40.86,42.2 1 2
dev.helix.code/internal/cognee/cognee_manager.go:45.98,47.2 1 2
dev.helix.code/internal/cognee/cognee_manager.go:50.45,52.2 1 2
dev.helix.code/internal/cognee/cognee_manager.go:55.40,57.2 1 3
dev.helix.code/internal/cognee/host_optimizer.go:11.73,13.2 1 5
dev.helix.code/internal/cognee/host_optimizer.go:16.73,18.2 1 3
dev.helix.code/internal/cognee/performance_optimizer.go:230.127,231.19 1 23
dev.helix.code/internal/cognee/performance_optimizer.go:231.19,233.3 1 1
dev.helix.code/internal/cognee/performance_optimizer.go:234.2,234.22 1 22
dev.helix.code/internal/cognee/performance_optimizer.go:234.22,236.3 1 0
dev.helix.code/internal/cognee/performance_optimizer.go:238.2,250.57 3 22
dev.helix.code/internal/cognee/performance_optimizer.go:250.57,252.3 1 0
dev.helix.code/internal/cognee/performance_optimizer.go:254.2,254.23 1 22
dev.helix.code/internal/cognee/performance_optimizer.go:258.71,262.20 3 13
dev.helix.code/internal/cognee/performance_optimizer.go:262.20,264.3 1 1
dev.helix.code/internal/cognee/performance_optimizer.go:266.2,315.58 5 12
dev.helix.code/internal/cognee/performance_optimizer.go:315.58,317.3 1 0
dev.helix.code/internal/cognee/performance_optimizer.go:320.2,325.12 4 12
dev.helix.code/internal/cognee/performance_optimizer.go:329.66,333.21 3 5
dev.helix.code/internal/cognee/performance_optimizer.go:333.21,335.3 1 1
dev.helix.code/internal/cognee/performance_optimizer.go:337.2,337.16 1 4
dev.helix.code/internal/cognee/performance_optimizer.go:337.16,339.3 1 1
dev.helix.code/internal/cognee/performance_optimizer.go:341.2,356.12 10 3
dev.helix.code/internal/cognee/performance_optimizer.go:360.65,364.17 3 2
dev.helix.code/internal/cognee/performance_optimizer.go:364.17,366.3 1 1
dev.helix.code/internal/cognee/performance_optimizer.go:368.2,375.12 4 1
dev.helix.code/internal/cognee/performance_optimizer.go:375.12,378.3 2 1
dev.helix.code/internal/cognee/performance_optimizer.go:380.2,380.9 1 1
dev.helix.code/internal/cognee/performance_optimizer.go:381.14,382.49 1 1
dev.helix.code/internal/cognee/performance_optimizer.go:383.20,384.19 1 0
dev.helix.code/internal/cognee/performance_optimizer.go:387.2,389.12 3 1
dev.helix.code/internal/cognee/performance_optimizer.go:393.92,394.21 1 3
dev.helix.code/internal/cognee/performance_optimizer.go:394.21,396.3 1 1
dev.helix.code/internal/cognee/performance_optimizer.go:398.2,416.44 7 2
dev.helix.code/internal/cognee/performance_optimizer.go:416.44,417.73 1 1
dev.helix.code/internal/cognee/performance_optimizer.go:417.73,419.27 2 1
dev.helix.code/internal/cognee/performance_optimizer.go:419.27,421.5 1 3
dev.helix.code/internal/cognee/performance_optimizer.go:422.4,422.47 1 1
[...]
dev.helix.code/internal/tools/confirmation/audit.go:136.2,140.21 4 0
dev.helix.code/internal/tools/confirmation/audit.go:140.21,142.65 2 0
dev.helix.code/internal/tools/confirmation/audit.go:142.65,143.12 1 0
dev.helix.code/internal/tools/confirmation/audit.go:146.3,146.33 1 0
dev.helix.code/internal/tools/confirmation/audit.go:146.33,148.54 2 0
dev.helix.code/internal/tools/confirmation/audit.go:148.54,149.10 1 0
dev.helix.code/internal/tools/confirmation/audit.go:154.2,154.38 1 0
dev.helix.code/internal/tools/confirmation/audit.go:154.38,156.3 1 0
dev.helix.code/internal/tools/confirmation/audit.go:158.2,158.21 1 0
dev.helix.code/internal/tools/confirmation/audit.go:162.63,167.67 3 0
dev.helix.code/internal/tools/confirmation/audit.go:167.67,169.3 1 0
dev.helix.code/internal/tools/confirmation/audit.go:171.2,171.12 1 0
dev.helix.code/internal/tools/confirmation/audit.go:175.60,176.50 1 10
dev.helix.code/internal/tools/confirmation/audit.go:176.50,178.3 1 1
dev.helix.code/internal/tools/confirmation/audit.go:179.2,179.54 1 9
dev.helix.code/internal/tools/confirmation/audit.go:179.54,181.3 1 2
dev.helix.code/internal/tools/confirmation/audit.go:182.2,182.74 1 7
dev.helix.code/internal/tools/confirmation/audit.go:182.74,184.3 1 0
dev.helix.code/internal/tools/confirmation/audit.go:185.2,185.69 1 7
dev.helix.code/internal/tools/confirmation/audit.go:185.69,187.3 1 0
dev.helix.code/internal/tools/confirmation/audit.go:188.2,188.64 1 7
dev.helix.code/internal/tools/confirmation/audit.go:188.64,190.3 1 1
dev.helix.code/internal/tools/confirmation/audit.go:191.2,191.13 1 6
dev.helix.code/internal/tools/confirmation/audit.go:201.50,205.2 1 3
dev.helix.code/internal/tools/confirmation/audit.go:208.83,214.2 4 5
dev.helix.code/internal/tools/confirmation/audit.go:217.99,222.36 4 5
dev.helix.code/internal/tools/confirmation/audit.go:222.36,223.33 1 10
dev.helix.code/internal/tools/confirmation/audit.go:223.33,225.54 2 6
dev.helix.code/internal/tools/confirmation/audit.go:225.54,226.10 1 0
dev.helix.code/internal/tools/confirmation/audit.go:231.2,231.21 1 5
dev.helix.code/internal/tools/confirmation/audit.go:235.65,241.2 4 1
dev.helix.code/internal/tools/confirmation/audit.go:244.54,251.2 5 0
dev.helix.code/internal/tools/confirmation/confirmer.go:23.74,36.27 3 4
dev.helix.code/internal/tools/confirmation/confirmer.go:36.27,38.3 1 2
dev.helix.code/internal/tools/confirmation/confirmer.go:40.2,40.11 1 4
dev.helix.code/internal/tools/confirmation/confirmer.go:44.119,46.24 1 4
dev.helix.code/internal/tools/confirmation/confirmer.go:46.24,53.3 1 0
dev.helix.code/internal/tools/confirmation/confirmer.go:56.2,60.19 4 4
dev.helix.code/internal/tools/confirmation/confirmer.go:60.19,74.3 4 1
dev.helix.code/internal/tools/confirmation/confirmer.go:77.2,78.48 2 3
dev.helix.code/internal/tools/confirmation/confirmer.go:78.48,81.3 2 2
dev.helix.code/internal/tools/confirmation/confirmer.go:84.2,85.16 2 3
dev.helix.code/internal/tools/confirmation/confirmer.go:85.16,87.3 1 0
dev.helix.code/internal/tools/confirmation/confirmer.go:90.2,90.60 1 3
dev.helix.code/internal/tools/confirmation/confirmer.go:90.60,92.3 1 1
dev.helix.code/internal/tools/confirmation/confirmer.go:95.2,95.25 1 2
dev.helix.code/internal/tools/confirmation/confirmer.go:96.19,97.62 1 0
dev.helix.code/internal/tools/confirmation/confirmer.go:99.18,100.61 1 0
dev.helix.code/internal/tools/confirmation/confirmer.go:102.17,103.60 1 2
dev.helix.code/internal/tools/confirmation/confirmer.go:105.10,106.64 1 0
dev.helix.code/internal/tools/confirmation/confirmer.go:111.175,125.2 3 0
dev.helix.code/internal/tools/confirmation/confirmer.go:128.174,142.2 3 0
dev.helix.code/internal/tools/confirmation/confirmer.go:145.173,148.26 2 2
dev.helix.code/internal/tools/confirmation/confirmer.go:148.26,150.3 1 2
dev.helix.code/internal/tools/confirmation/confirmer.go:153.2,153.36 1 2
dev.helix.code/internal/tools/confirmation/confirmer.go:153.36,155.3 1 0
dev.helix.code/internal/tools/confirmation/confirmer.go:155.8,155.45 1 2
dev.helix.code/internal/tools/confirmation/confirmer.go:155.45,157.3 1 0
dev.helix.code/internal/tools/confirmation/confirmer.go:160.2,170.16 3 2
dev.helix.code/internal/tools/confirmation/confirmer.go:170.16,172.3 1 0
dev.helix.code/internal/tools/confirmation/confirmer.go:175.2,175.71 1 2
dev.helix.code/internal/tools/confirmation/confirmer.go:175.71,179.3 3 1
dev.helix.code/internal/tools/confirmation/confirmer.go:182.2,196.20 4 2
dev.helix.code/internal/tools/confirmation/confirmer.go:200.179,202.25 2 1
dev.helix.code/internal/tools/confirmation/confirmer.go:202.25,204.3 1 0
dev.helix.code/internal/tools/confirmation/confirmer.go:206.2,217.14 3 1
dev.helix.code/internal/tools/confirmation/confirmer.go:217.14,219.3 1 0
dev.helix.code/internal/tools/confirmation/confirmer.go:222.2,224.20 2 1
dev.helix.code/internal/tools/confirmation/confirmer.go:228.179,241.21 2 4
dev.helix.code/internal/tools/confirmation/confirmer.go:241.21,242.29 1 3
dev.helix.code/internal/tools/confirmation/confirmer.go:242.29,244.4 1 3
dev.helix.code/internal/tools/confirmation/confirmer.go:245.3,245.27 1 3
dev.helix.code/internal/tools/confirmation/confirmer.go:245.27,247.4 1 3
dev.helix.code/internal/tools/confirmation/confirmer.go:250.2,250.39 1 4
dev.helix.code/internal/tools/confirmation/confirmer.go:254.80,256.9 2 0
dev.helix.code/internal/tools/confirmation/confirmer.go:256.9,258.3 1 0
dev.helix.code/internal/tools/confirmation/confirmer.go:259.2,259.20 1 0
dev.helix.code/internal/tools/confirmation/confirmer.go:263.85,265.2 1 0
dev.helix.code/internal/tools/confirmation/confirmer.go:268.51,273.2 3 1
dev.helix.code/internal/tools/confirmation/confirmer.go:276.82,282.2 4 2
dev.helix.code/internal/tools/confirmation/confirmer.go:285.82,290.2 3 1
dev.helix.code/internal/tools/confirmation/confirmer.go:293.108,295.2 1 0
dev.helix.code/internal/tools/confirmation/confirmer.go:298.74,300.2 1 0
dev.helix.code/internal/tools/confirmation/danger.go:29.42,33.2 1 8
dev.helix.code/internal/tools/confirmation/danger.go:36.77,43.38 2 7
dev.helix.code/internal/tools/confirmation/danger.go:43.38,44.25 1 105
dev.helix.code/internal/tools/confirmation/danger.go:44.25,47.27 3 5
dev.helix.code/internal/tools/confirmation/danger.go:47.27,49.5 1 5
dev.helix.code/internal/tools/confirmation/danger.go:53.2,53.19 1 7
dev.helix.code/internal/tools/confirmation/danger.go:57.61,59.2 1 0
dev.helix.code/internal/tools/confirmation/danger.go:62.46,69.46 1 8
dev.helix.code/internal/tools/confirmation/danger.go:69.46,71.5 1 7
dev.helix.code/internal/tools/confirmation/danger.go:78.46,80.38 2 7
dev.helix.code/internal/tools/confirmation/danger.go:80.38,81.55 1 37
dev.helix.code/internal/tools/confirmation/danger.go:81.55,83.7 1 1
dev.helix.code/internal/tools/confirmation/danger.go:85.5,85.17 1 6
dev.helix.code/internal/tools/confirmation/danger.go:93.46,94.31 1 7
dev.helix.code/internal/tools/confirmation/danger.go:94.31,95.59 1 4
dev.helix.code/internal/tools/confirmation/danger.go:95.59,97.7 1 1
dev.helix.code/internal/tools/confirmation/danger.go:99.5,99.17 1 6
dev.helix.code/internal/tools/confirmation/danger.go:107.46,108.30 1 7
dev.helix.code/internal/tools/confirmation/danger.go:108.30,109.59 1 1
dev.helix.code/internal/tools/confirmation/danger.go:109.59,111.7 1 1
dev.helix.code/internal/tools/confirmation/danger.go:113.5,113.17 1 6
dev.helix.code/internal/tools/confirmation/danger.go:121.46,122.60 1 7
dev.helix.code/internal/tools/confirmation/danger.go:122.60,124.6 1 0
dev.helix.code/internal/tools/confirmation/danger.go:125.5,125.17 1 7
dev.helix.code/internal/tools/confirmation/danger.go:133.46,135.5 1 7
dev.helix.code/internal/tools/confirmation/danger.go:142.46,143.31 1 7
dev.helix.code/internal/tools/confirmation/danger.go:143.31,144.59 1 4
dev.helix.code/internal/tools/confirmation/danger.go:144.59,146.7 1 1
dev.helix.code/internal/tools/confirmation/danger.go:148.5,148.17 1 6
dev.helix.code/internal/tools/confirmation/danger.go:156.46,157.31 1 7
dev.helix.code/internal/tools/confirmation/danger.go:157.31,158.59 1 4
dev.helix.code/internal/tools/confirmation/danger.go:158.59,160.7 1 1
dev.helix.code/internal/tools/confirmation/danger.go:162.5,162.17 1 6
dev.helix.code/internal/tools/confirmation/danger.go:170.46,171.58 1 7
dev.helix.code/internal/tools/confirmation/danger.go:171.58,174.6 2 2
dev.helix.code/internal/tools/confirmation/danger.go:175.5,175.17 1 5
dev.helix.code/internal/tools/confirmation/danger.go:183.46,184.58 1 7
dev.helix.code/internal/tools/confirmation/danger.go:184.58,187.6 2 2
dev.helix.code/internal/tools/confirmation/danger.go:188.5,188.17 1 5
dev.helix.code/internal/tools/confirmation/danger.go:196.46,197.31 1 7
dev.helix.code/internal/tools/confirmation/danger.go:197.31,198.59 1 4
dev.helix.code/internal/tools/confirmation/danger.go:198.59,200.7 1 1
dev.helix.code/internal/tools/confirmation/danger.go:202.5,202.17 1 6
dev.helix.code/internal/tools/confirmation/danger.go:210.46,211.31 1 7
dev.helix.code/internal/tools/confirmation/danger.go:211.31,212.59 1 4
dev.helix.code/internal/tools/confirmation/danger.go:212.59,214.7 1 1
dev.helix.code/internal/tools/confirmation/danger.go:216.5,216.17 1 6
dev.helix.code/internal/tools/confirmation/danger.go:224.46,225.31 1 7
dev.helix.code/internal/tools/confirmation/danger.go:225.31,226.59 1 4
dev.helix.code/internal/tools/confirmation/danger.go:226.59,228.7 1 1
dev.helix.code/internal/tools/confirmation/danger.go:230.5,230.17 1 6
dev.helix.code/internal/tools/confirmation/danger.go:238.46,239.31 1 7
dev.helix.code/internal/tools/confirmation/danger.go:239.31,240.59 1 4
dev.helix.code/internal/tools/confirmation/danger.go:240.59,242.7 1 1
dev.helix.code/internal/tools/confirmation/danger.go:244.5,244.17 1 6
dev.helix.code/internal/tools/confirmation/danger.go:252.46,253.31 1 7
dev.helix.code/internal/tools/confirmation/danger.go:253.31,254.59 1 4
dev.helix.code/internal/tools/confirmation/danger.go:254.59,256.7 1 1
dev.helix.code/internal/tools/confirmation/danger.go:258.5,258.17 1 6
dev.helix.code/internal/tools/confirmation/danger.go:265.40,266.11 1 5
dev.helix.code/internal/tools/confirmation/danger.go:266.11,268.3 1 1
dev.helix.code/internal/tools/confirmation/danger.go:269.2,269.10 1 4
dev.helix.code/internal/tools/confirmation/policies.go:39.58,41.52 1 17
dev.helix.code/internal/tools/confirmation/policies.go:41.52,43.3 1 0
dev.helix.code/internal/tools/confirmation/policies.go:46.2,46.30 1 17
dev.helix.code/internal/tools/confirmation/policies.go:46.30,48.38 2 8
dev.helix.code/internal/tools/confirmation/policies.go:48.38,49.32 1 8
dev.helix.code/internal/tools/confirmation/policies.go:49.32,51.10 2 5
dev.helix.code/internal/tools/confirmation/policies.go:54.3,54.15 1 8
dev.helix.code/internal/tools/confirmation/policies.go:54.15,56.4 1 3
dev.helix.code/internal/tools/confirmation/policies.go:60.2,60.26 1 14
dev.helix.code/internal/tools/confirmation/policies.go:60.26,62.36 2 6
dev.helix.code/internal/tools/confirmation/policies.go:62.36,63.34 1 8
dev.helix.code/internal/tools/confirmation/policies.go:63.34,65.10 2 2
dev.helix.code/internal/tools/confirmation/policies.go:68.3,68.15 1 6
dev.helix.code/internal/tools/confirmation/policies.go:68.15,70.4 1 4
dev.helix.code/internal/tools/confirmation/policies.go:74.2,74.25 1 10
dev.helix.code/internal/tools/confirmation/policies.go:74.25,75.82 1 2
dev.helix.code/internal/tools/confirmation/policies.go:75.82,77.4 1 1
dev.helix.code/internal/tools/confirmation/policies.go:81.2,81.21 1 9
dev.helix.code/internal/tools/confirmation/policies.go:81.21,83.3 1 2
dev.helix.code/internal/tools/confirmation/policies.go:85.2,85.13 1 7
dev.helix.code/internal/tools/confirmation/policies.go:104.38,109.2 1 9
dev.helix.code/internal/tools/confirmation/policies.go:112.84,118.19 4 8
dev.helix.code/internal/tools/confirmation/policies.go:118.19,120.3 1 3
dev.helix.code/internal/tools/confirmation/policies.go:122.2,122.21 1 8
dev.helix.code/internal/tools/confirmation/policies.go:122.21,128.3 1 0
dev.helix.code/internal/tools/confirmation/policies.go:131.2,136.29 4 8
dev.helix.code/internal/tools/confirmation/policies.go:136.29,137.34 1 13
dev.helix.code/internal/tools/confirmation/policies.go:137.34,144.4 1 7
dev.helix.code/internal/tools/confirmation/policies.go:148.2,149.42 2 1
dev.helix.code/internal/tools/confirmation/policies.go:149.42,151.3 1 0
dev.helix.code/internal/tools/confirmation/policies.go:153.2,157.8 1 1
dev.helix.code/internal/tools/confirmation/policies.go:161.74,162.47 1 5
dev.helix.code/internal/tools/confirmation/policies.go:162.47,164.3 1 0
dev.helix.code/internal/tools/confirmation/policies.go:166.2,170.12 4 5
dev.helix.code/internal/tools/confirmation/policies.go:174.68,180.2 4 0
dev.helix.code/internal/tools/confirmation/policies.go:183.55,188.2 3 0
dev.helix.code/internal/tools/confirmation/policies.go:191.30,238.2 1 13
dev.helix.code/internal/tools/confirmation/policies.go:241.43,242.19 1 6
dev.helix.code/internal/tools/confirmation/policies.go:242.19,244.3 1 0
dev.helix.code/internal/tools/confirmation/policies.go:247.2,248.36 2 6
dev.helix.code/internal/tools/confirmation/policies.go:248.36,249.52 1 11
dev.helix.code/internal/tools/confirmation/policies.go:249.52,251.4 1 1
dev.helix.code/internal/tools/confirmation/policies.go:252.3,252.40 1 10
dev.helix.code/internal/tools/confirmation/policies.go:256.2,256.57 1 5
dev.helix.code/internal/tools/confirmation/policies.go:256.57,258.3 1 0
dev.helix.code/internal/tools/confirmation/policies.go:260.2,260.12 1 5
dev.helix.code/internal/tools/confirmation/policies.go:264.40,265.34 1 8
dev.helix.code/internal/tools/confirmation/policies.go:265.34,266.39 1 21
dev.helix.code/internal/tools/confirmation/policies.go:266.39,267.45 1 24
dev.helix.code/internal/tools/confirmation/policies.go:267.45,269.5 1 10
dev.helix.code/internal/tools/confirmation/policies.go:275.27,287.49 1 1
dev.helix.code/internal/tools/confirmation/policies.go:287.49,289.40 2 1
dev.helix.code/internal/tools/confirmation/policies.go:289.40,290.57 1 1
dev.helix.code/internal/tools/confirmation/policies.go:290.57,292.9 1 1
dev.helix.code/internal/tools/confirmation/policies.go:294.7,294.19 1 0
dev.helix.code/internal/tools/confirmation/policies.go:324.26,336.49 1 1
dev.helix.code/internal/tools/confirmation/policies.go:336.49,337.60 1 1
dev.helix.code/internal/tools/confirmation/policies.go:337.60,339.8 1 1
dev.helix.code/internal/tools/confirmation/policies.go:340.7,340.19 1 0
dev.helix.code/internal/tools/confirmation/policies.go:350.49,351.62 1 0
dev.helix.code/internal/tools/confirmation/policies.go:351.62,353.8 1 0
dev.helix.code/internal/tools/confirmation/policies.go:354.7,354.19 1 0
dev.helix.code/internal/tools/confirmation/prompter.go:58.40,63.2 1 4
dev.helix.code/internal/tools/confirmation/prompter.go:66.98,72.16 3 2
dev.helix.code/internal/tools/confirmation/prompter.go:72.16,74.3 1 0
dev.helix.code/internal/tools/confirmation/prompter.go:76.2,76.22 1 2
dev.helix.code/internal/tools/confirmation/prompter.go:83.71,94.32 5 3
dev.helix.code/internal/tools/confirmation/prompter.go:94.32,96.3 1 2
dev.helix.code/internal/tools/confirmation/prompter.go:97.2,102.54 3 3
dev.helix.code/internal/tools/confirmation/prompter.go:102.54,105.29 3 1
dev.helix.code/internal/tools/confirmation/prompter.go:105.29,107.4 1 1
dev.helix.code/internal/tools/confirmation/prompter.go:111.2,111.23 1 3
dev.helix.code/internal/tools/confirmation/prompter.go:111.23,115.3 3 0
dev.helix.code/internal/tools/confirmation/prompter.go:117.2,117.15 1 3
dev.helix.code/internal/tools/confirmation/prompter.go:121.38,148.2 1 3
dev.helix.code/internal/tools/confirmation/prompter.go:157.52,162.2 1 4
dev.helix.code/internal/tools/confirmation/prompter.go:165.91,170.2 1 0
dev.helix.code/internal/tools/confirmation/prompter.go:173.110,179.18 3 0
dev.helix.code/internal/tools/confirmation/prompter.go:179.18,186.3 1 0
dev.helix.code/internal/tools/confirmation/prompter.go:189.2,191.16 3 0
dev.helix.code/internal/tools/confirmation/prompter.go:191.16,193.3 1 0
dev.helix.code/internal/tools/confirmation/prompter.go:195.2,198.37 2 0
dev.helix.code/internal/tools/confirmation/prompter.go:198.37,199.73 1 0
dev.helix.code/internal/tools/confirmation/prompter.go:199.73,204.4 1 0
dev.helix.code/internal/tools/confirmation/prompter.go:207.2,207.56 1 0
dev.helix.code/internal/tools/confirmation/prompter.go:211.71,214.19 2 0
dev.helix.code/internal/tools/confirmation/prompter.go:214.19,216.3 1 0
dev.helix.code/internal/tools/confirmation/prompter.go:219.2,219.22 1 0
dev.helix.code/internal/tools/confirmation/prompter.go:220.17,221.50 1 0
dev.helix.code/internal/tools/confirmation/prompter.go:222.20,223.53 1 0
dev.helix.code/internal/tools/confirmation/prompter.go:224.19,225.52 1 0
dev.helix.code/internal/tools/confirmation/prompter.go:228.2,231.29 2 0
dev.helix.code/internal/tools/confirmation/prompter.go:231.29,233.41 2 0
dev.helix.code/internal/tools/confirmation/prompter.go:233.41,235.4 1 0
dev.helix.code/internal/tools/confirmation/prompter.go:239.2,240.37 2 0
dev.helix.code/internal/tools/confirmation/prompter.go:240.37,242.3 1 0
dev.helix.code/internal/tools/confirmation/prompter.go:244.2,244.34 1 0
dev.helix.code/internal/tools/confirmation/prompter.go:254.103,255.21 1 2
dev.helix.code/internal/tools/confirmation/prompter.go:255.21,257.3 1 0
dev.helix.code/internal/tools/confirmation/prompter.go:258.2,258.24 1 2
dev.helix.code/internal/tools/confirmation/prompter.go:258.24,260.3 1 2
dev.helix.code/internal/tools/confirmation/prompter.go:261.2,264.8 1 0
dev.helix.code/internal/tools/confirmation/types.go:34.36,35.11 1 3
dev.helix.code/internal/tools/confirmation/types.go:36.16,37.16 1 0
dev.helix.code/internal/tools/confirmation/types.go:38.15,39.15 1 2
dev.helix.code/internal/tools/confirmation/types.go:40.18,41.18 1 0
dev.helix.code/internal/tools/confirmation/types.go:42.16,43.16 1 1
dev.helix.code/internal/tools/confirmation/types.go:44.20,45.20 1 0
dev.helix.code/internal/tools/confirmation/types.go:46.10,47.19 1 0
dev.helix.code/internal/tools/confirmation/types.go:91.33,92.11 1 11
dev.helix.code/internal/tools/confirmation/types.go:93.19,94.17 1 5
dev.helix.code/internal/tools/confirmation/types.go:95.18,96.16 1 2
dev.helix.code/internal/tools/confirmation/types.go:97.20,98.18 1 4
dev.helix.code/internal/tools/confirmation/types.go:99.19,100.17 1 0
dev.helix.code/internal/tools/confirmation/types.go:101.17,102.15 1 0
dev.helix.code/internal/tools/confirmation/types.go:103.10,104.19 1 0
dev.helix.code/internal/tools/confirmation/types.go:128.33,129.11 1 0
dev.helix.code/internal/tools/confirmation/types.go:130.19,131.17 1 0
dev.helix.code/internal/tools/confirmation/types.go:132.18,133.16 1 0
dev.helix.code/internal/tools/confirmation/types.go:134.17,135.15 1 0
dev.helix.code/internal/tools/confirmation/types.go:136.10,137.19 1 0
dev.helix.code/internal/tools/confirmation/types.go:151.44,152.11 1 0
dev.helix.code/internal/tools/confirmation/types.go:153.17,154.16 1 0
dev.helix.code/internal/tools/confirmation/types.go:155.20,156.19 1 0
dev.helix.code/internal/tools/confirmation/types.go:157.19,158.18 1 0
dev.helix.code/internal/tools/confirmation/types.go:159.10,160.19 1 0
dev.helix.code/internal/tools/confirmation/types.go:198.30,205.2 1 4
dev.helix.code/internal/tools/confirmation/types.go:211.38,212.43 1 2
dev.helix.code/internal/tools/confirmation/types.go:212.43,214.3 1 2
dev.helix.code/internal/tools/confirmation/types.go:218.40,219.43 1 0
dev.helix.code/internal/tools/confirmation/types.go:219.43,221.3 1 0
dev.helix.code/internal/tools/confirmation/types.go:225.41,226.43 1 0
dev.helix.code/internal/tools/confirmation/types.go:226.43,228.3 1 0
dev.helix.code/internal/tools/confirmation/types.go:232.37,233.43 1 0
dev.helix.code/internal/tools/confirmation/types.go:233.43,235.3 1 0
dev.helix.code/internal/tools/confirmation/types.go:239.31,241.2 1 4
