mode: set
dev.helix.code/internal/auth/auth.go:67.33,78.2 1 1
dev.helix.code/internal/auth/auth.go:100.72,105.2 1 1
dev.helix.code/internal/auth/auth.go:108.115,110.74 1 0
dev.helix.code/internal/auth/auth.go:110.74,112.3 1 0
dev.helix.code/internal/auth/auth.go:115.2,115.68 1 0
dev.helix.code/internal/auth/auth.go:115.68,117.3 1 0
dev.helix.code/internal/auth/auth.go:119.2,119.62 1 0
dev.helix.code/internal/auth/auth.go:119.62,121.3 1 0
dev.helix.code/internal/auth/auth.go:124.2,125.16 2 0
dev.helix.code/internal/auth/auth.go:125.16,127.3 1 0
dev.helix.code/internal/auth/auth.go:130.2,143.65 2 0
dev.helix.code/internal/auth/auth.go:143.65,145.3 1 0
dev.helix.code/internal/auth/auth.go:147.2,147.18 1 0
dev.helix.code/internal/auth/auth.go:151.136,154.16 2 0
dev.helix.code/internal/auth/auth.go:154.16,157.17 2 0
dev.helix.code/internal/auth/auth.go:157.17,159.4 1 0
dev.helix.code/internal/auth/auth.go:163.2,163.20 1 0
dev.helix.code/internal/auth/auth.go:163.20,165.3 1 0
dev.helix.code/internal/auth/auth.go:168.2,168.47 1 0
dev.helix.code/internal/auth/auth.go:168.47,170.3 1 0
dev.helix.code/internal/auth/auth.go:173.2,173.63 1 0
dev.helix.code/internal/auth/auth.go:173.63,175.3 1 0
dev.helix.code/internal/auth/auth.go:178.2,179.16 2 0
dev.helix.code/internal/auth/auth.go:179.16,181.3 1 0
dev.helix.code/internal/auth/auth.go:183.2,184.21 2 0
dev.helix.code/internal/auth/auth.go:184.21,186.3 1 0
dev.helix.code/internal/auth/auth.go:188.2,199.57 2 0
dev.helix.code/internal/auth/auth.go:199.57,201.3 1 0
dev.helix.code/internal/auth/auth.go:203.2,203.27 1 0
dev.helix.code/internal/auth/auth.go:207.94,209.16 2 0
dev.helix.code/internal/auth/auth.go:209.16,211.3 1 0
dev.helix.code/internal/auth/auth.go:213.2,213.41 1 0
dev.helix.code/internal/auth/auth.go:213.41,217.3 2 0
dev.helix.code/internal/auth/auth.go:219.2,220.16 2 0
dev.helix.code/internal/auth/auth.go:220.16,222.3 1 0
dev.helix.code/internal/auth/auth.go:224.2,224.20 1 0
dev.helix.code/internal/auth/auth.go:224.20,226.3 1 0
dev.helix.code/internal/auth/auth.go:228.2,228.18 1 0
dev.helix.code/internal/auth/auth.go:232.78,234.2 1 0
dev.helix.code/internal/auth/auth.go:237.78,239.2 1 0
dev.helix.code/internal/auth/auth.go:242.63,253.2 3 1
dev.helix.code/internal/auth/auth.go:256.68,257.83 1 1
dev.helix.code/internal/auth/auth.go:257.83,258.58 1 1
dev.helix.code/internal/auth/auth.go:258.58,260.4 1 0
dev.helix.code/internal/auth/auth.go:261.3,261.41 1 1
dev.helix.code/internal/auth/auth.go:264.2,264.16 1 1
dev.helix.code/internal/auth/auth.go:264.16,266.3 1 1
dev.helix.code/internal/auth/auth.go:268.2,268.67 1 1
dev.helix.code/internal/auth/auth.go:268.67,270.10 2 1
dev.helix.code/internal/auth/auth.go:270.10,272.4 1 0
dev.helix.code/internal/auth/auth.go:274.3,275.17 2 1
dev.helix.code/internal/auth/auth.go:275.17,277.4 1 0
dev.helix.code/internal/auth/auth.go:281.3,285.9 1 1
dev.helix.code/internal/auth/auth.go:288.2,288.29 1 0
dev.helix.code/internal/auth/auth.go:293.84,294.46 1 1
dev.helix.code/internal/auth/auth.go:294.46,296.3 1 1
dev.helix.code/internal/auth/auth.go:298.2,298.73 1 1
dev.helix.code/internal/auth/auth.go:298.73,300.3 1 1
dev.helix.code/internal/auth/auth.go:302.2,302.23 1 1
dev.helix.code/internal/auth/auth.go:302.23,304.3 1 1
dev.helix.code/internal/auth/auth.go:306.2,306.12 1 1
dev.helix.code/internal/auth/auth.go:309.69,312.16 2 1
dev.helix.code/internal/auth/auth.go:312.16,314.3 1 0
dev.helix.code/internal/auth/auth.go:315.2,315.26 1 1
dev.helix.code/internal/auth/auth.go:318.66,321.16 2 1
dev.helix.code/internal/auth/auth.go:321.16,323.3 1 1
dev.helix.code/internal/auth/auth.go:326.2,326.47 1 1
dev.helix.code/internal/auth/auth.go:329.72,333.21 2 1
dev.helix.code/internal/auth/auth.go:333.21,335.3 1 1
dev.helix.code/internal/auth/auth.go:339.2,339.68 1 0
dev.helix.code/internal/auth/auth.go:342.62,344.44 2 1
dev.helix.code/internal/auth/auth.go:344.44,346.3 1 0
dev.helix.code/internal/auth/auth.go:347.2,347.54 1 1
dev.helix.code/internal/auth/auth_db.go:20.42,22.2 1 0
dev.helix.code/internal/auth/auth_db.go:25.89,43.16 3 0
dev.helix.code/internal/auth/auth_db.go:43.16,45.3 1 0
dev.helix.code/internal/auth/auth_db.go:47.2,47.12 1 0
dev.helix.code/internal/auth/auth_db.go:51.97,75.16 6 0
dev.helix.code/internal/auth/auth_db.go:75.16,76.27 1 0
dev.helix.code/internal/auth/auth_db.go:76.27,78.4 1 0
dev.helix.code/internal/auth/auth_db.go:79.3,79.72 1 0
dev.helix.code/internal/auth/auth_db.go:82.2,82.21 1 0
dev.helix.code/internal/auth/auth_db.go:82.21,84.3 1 0
dev.helix.code/internal/auth/auth_db.go:86.2,86.33 1 0
dev.helix.code/internal/auth/auth_db.go:90.91,114.16 6 0
dev.helix.code/internal/auth/auth_db.go:114.16,115.27 1 0
dev.helix.code/internal/auth/auth_db.go:115.27,117.4 1 0
dev.helix.code/internal/auth/auth_db.go:118.3,118.69 1 0
dev.helix.code/internal/auth/auth_db.go:121.2,121.21 1 0
dev.helix.code/internal/auth/auth_db.go:121.21,123.3 1 0
dev.helix.code/internal/auth/auth_db.go:125.2,125.33 1 0
dev.helix.code/internal/auth/auth_db.go:129.80,151.16 5 0
dev.helix.code/internal/auth/auth_db.go:151.16,152.27 1 0
dev.helix.code/internal/auth/auth_db.go:152.27,154.4 1 0
dev.helix.code/internal/auth/auth_db.go:155.3,155.62 1 0
dev.helix.code/internal/auth/auth_db.go:158.2,158.21 1 0
dev.helix.code/internal/auth/auth_db.go:158.21,160.3 1 0
dev.helix.code/internal/auth/auth_db.go:162.2,162.19 1 0
dev.helix.code/internal/auth/auth_db.go:166.79,170.16 3 0
dev.helix.code/internal/auth/auth_db.go:170.16,172.3 1 0
dev.helix.code/internal/auth/auth_db.go:174.2,174.12 1 0
dev.helix.code/internal/auth/auth_db.go:178.77,184.30 3 0
dev.helix.code/internal/auth/auth_db.go:184.30,186.3 1 0
dev.helix.code/internal/auth/auth_db.go:188.2,199.16 2 0
dev.helix.code/internal/auth/auth_db.go:199.16,201.3 1 0
dev.helix.code/internal/auth/auth_db.go:203.2,203.12 1 0
dev.helix.code/internal/auth/auth_db.go:207.82,227.16 5 0
dev.helix.code/internal/auth/auth_db.go:227.16,228.27 1 0
dev.helix.code/internal/auth/auth_db.go:228.27,230.4 1 0
dev.helix.code/internal/auth/auth_db.go:231.3,231.59 1 0
dev.helix.code/internal/auth/auth_db.go:234.2,234.18 1 0
dev.helix.code/internal/auth/auth_db.go:234.18,236.3 1 0
dev.helix.code/internal/auth/auth_db.go:238.2,238.22 1 0
dev.helix.code/internal/auth/auth_db.go:242.73,246.16 3 0
dev.helix.code/internal/auth/auth_db.go:246.16,248.3 1 0
dev.helix.code/internal/auth/auth_db.go:250.2,250.32 1 0
dev.helix.code/internal/auth/auth_db.go:250.32,252.3 1 0
dev.helix.code/internal/auth/auth_db.go:254.2,254.12 1 0
dev.helix.code/internal/auth/auth_db.go:258.82,262.16 3 0
dev.helix.code/internal/auth/auth_db.go:262.16,264.3 1 0
dev.helix.code/internal/auth/auth_db.go:266.2,266.12 1 0
